2023-11-01 at 17:49:55 | INFO | Buscando IDs de Produtos na API Tiny
2023-11-01 at 17:49:55 | INFO | Criando DataFrame com IDs de produtos na tabela 'tiny_products'
2023-11-01 at 17:50:15 | INFO | Buscando IDs de Produtos na API Tiny
2023-11-01 at 17:50:15 | INFO | Criando DataFrame com IDs de produtos na tabela 'tiny_products'
2023-11-01 at 17:50:33 | INFO | Buscando IDs de Produtos na API Tiny
2023-11-01 at 17:50:33 | INFO | Criando DataFrame com IDs de produtos na tabela 'tiny_products'
2023-11-01 at 17:50:33 | INFO | Verificando headers
2023-11-01 at 17:50:35 | INFO | Enviando requisição POST
2023-11-01 at 17:50:35 | INFO | Requisição realizada com sucesso!
2023-11-01 at 17:50:35 | INFO | Verificando headers
2023-11-01 at 17:50:36 | INFO | Enviando requisição POST
2023-11-01 at 17:50:36 | INFO | Requisição realizada com sucesso!
2023-11-01 at 17:50:36 | INFO | Verificando headers
2023-11-01 at 17:50:37 | INFO | Enviando requisição POST
2023-11-01 at 17:50:37 | INFO | Requisição realizada com sucesso!
2023-11-01 at 17:50:37 | INFO | Verificando headers
2023-11-01 at 17:50:38 | INFO | Enviando requisição POST
2023-11-01 at 17:50:38 | INFO | Requisição realizada com sucesso!
2023-11-01 at 17:50:38 | INFO | Verificando headers
2023-11-01 at 17:50:39 | INFO | Enviando requisição POST
2023-11-01 at 17:50:39 | INFO | Requisição realizada com sucesso!
2023-11-01 at 17:50:39 | INFO | Verificando headers
2023-11-01 at 17:50:40 | INFO | Enviando requisição POST
2023-11-01 at 17:50:40 | INFO | Requisição realizada com sucesso!
2023-11-01 at 17:50:40 | INFO | Verificando headers
2023-11-01 at 17:50:41 | INFO | Enviando requisição POST
2023-11-01 at 17:50:41 | INFO | Requisição realizada com sucesso!
2023-11-01 at 17:50:41 | INFO | Verificando headers
2023-11-01 at 17:50:42 | INFO | Enviando requisição POST
2023-11-01 at 17:50:42 | INFO | Requisição realizada com sucesso!
2023-11-01 at 17:50:42 | INFO | Verificando headers
2023-11-01 at 17:50:44 | INFO | Enviando requisição POST
2023-11-01 at 17:50:44 | INFO | Requisição realizada com sucesso!
2023-11-01 at 17:50:44 | INFO | Verificando headers
2023-11-01 at 17:50:45 | INFO | Enviando requisição POST
2023-11-01 at 17:50:45 | INFO | Requisição realizada com sucesso!
2023-11-01 at 17:50:45 | INFO | Verificando headers
2023-11-01 at 17:50:46 | INFO | Enviando requisição POST
2023-11-01 at 17:50:46 | INFO | Requisição realizada com sucesso!
2023-11-01 at 17:50:46 | INFO | Verificando headers
2023-11-01 at 17:50:47 | INFO | Enviando requisição POST
2023-11-01 at 17:50:47 | INFO | Requisição realizada com sucesso!
2023-11-01 at 17:50:47 | INFO | Verificando headers
2023-11-01 at 17:50:48 | INFO | Enviando requisição POST
2023-11-01 at 17:50:48 | INFO | Requisição realizada com sucesso!
2023-11-01 at 17:50:48 | INFO | Verificando headers
2023-11-01 at 17:50:49 | INFO | Enviando requisição POST
2023-11-01 at 17:50:49 | INFO | Requisição realizada com sucesso!
2023-11-01 at 17:50:49 | INFO | Verificando headers
2023-11-01 at 17:50:50 | INFO | Enviando requisição POST
2023-11-01 at 17:50:50 | INFO | Requisição realizada com sucesso!
2023-11-01 at 17:50:50 | INFO | Verificando headers
2023-11-01 at 17:50:51 | INFO | Enviando requisição POST
2023-11-01 at 17:50:51 | INFO | Requisição realizada com sucesso!
2023-11-01 at 17:50:51 | INFO | Verificando headers
2023-11-01 at 17:50:52 | INFO | Enviando requisição POST
2023-11-01 at 17:50:52 | INFO | Requisição realizada com sucesso!
2023-11-01 at 17:50:52 | INFO | Verificando headers
2023-11-01 at 17:50:53 | INFO | Enviando requisição POST
2023-11-01 at 17:50:53 | INFO | Requisição realizada com sucesso!
2023-11-01 at 17:50:53 | INFO | Verificando headers
2023-11-01 at 17:50:55 | INFO | Enviando requisição POST
2023-11-01 at 17:50:55 | INFO | Requisição realizada com sucesso!
2023-11-01 at 17:50:55 | INFO | Verificando headers
2023-11-01 at 17:50:56 | INFO | Enviando requisição POST
2023-11-01 at 17:50:56 | INFO | Requisição realizada com sucesso!
2023-11-01 at 17:50:56 | INFO | Verificando headers
2023-11-01 at 17:50:57 | INFO | Enviando requisição POST
2023-11-01 at 17:50:57 | INFO | Requisição realizada com sucesso!
2023-11-01 at 17:50:57 | INFO | Verificando headers
2023-11-01 at 17:50:58 | INFO | Enviando requisição POST
2023-11-01 at 17:50:58 | INFO | Requisição realizada com sucesso!
2023-11-01 at 17:50:58 | INFO | Verificando headers
2023-11-01 at 17:50:59 | INFO | Enviando requisição POST
2023-11-01 at 17:50:59 | INFO | Requisição realizada com sucesso!
2023-11-01 at 17:50:59 | INFO | Verificando headers
2023-11-01 at 17:51:00 | INFO | Enviando requisição POST
2023-11-01 at 17:51:00 | INFO | Requisição realizada com sucesso!
2023-11-01 at 17:51:00 | INFO | Verificando headers
2023-11-01 at 17:51:01 | INFO | Enviando requisição POST
2023-11-01 at 17:51:01 | INFO | Requisição realizada com sucesso!
2023-11-01 at 17:51:01 | INFO | Verificando headers
2023-11-01 at 17:51:02 | INFO | Enviando requisição POST
2023-11-01 at 17:51:02 | INFO | Requisição realizada com sucesso!
2023-11-01 at 17:51:02 | INFO | Verificando headers
2023-11-01 at 17:51:04 | INFO | Enviando requisição POST
2023-11-01 at 17:51:04 | INFO | Requisição realizada com sucesso!
2023-11-01 at 17:51:04 | INFO | Verificando headers
2023-11-01 at 17:51:05 | INFO | Enviando requisição POST
2023-11-01 at 17:51:05 | INFO | Requisição realizada com sucesso!
2023-11-01 at 17:51:05 | INFO | Verificando headers
2023-11-01 at 17:51:06 | INFO | Enviando requisição POST
2023-11-01 at 17:51:06 | INFO | Requisição realizada com sucesso!
2023-11-01 at 17:51:06 | INFO | Verificando headers
2023-11-01 at 17:51:07 | INFO | Enviando requisição POST
2023-11-01 at 17:51:07 | INFO | Requisição realizada com sucesso!
2023-11-01 at 17:51:07 | INFO | Verificando headers
2023-11-01 at 17:51:09 | INFO | Enviando requisição POST
2023-11-01 at 17:51:09 | INFO | Requisição realizada com sucesso!
2023-11-01 at 17:51:09 | INFO | Verificando headers
2023-11-01 at 17:51:10 | INFO | Enviando requisição POST
2023-11-01 at 17:51:10 | INFO | Requisição realizada com sucesso!
2023-11-01 at 17:51:10 | INFO | Verificando headers
2023-11-01 at 17:51:11 | INFO | Enviando requisição POST
2023-11-01 at 17:51:11 | INFO | Requisição realizada com sucesso!
2023-11-01 at 17:51:11 | INFO | Verificando headers
2023-11-01 at 17:51:14 | INFO | Enviando requisição POST
2023-11-01 at 17:51:14 | INFO | Requisição realizada com sucesso!
2023-11-01 at 17:51:14 | INFO | Verificando headers
2023-11-01 at 17:51:15 | INFO | Enviando requisição POST
2023-11-01 at 17:51:15 | INFO | Requisição realizada com sucesso!
2023-11-01 at 17:51:15 | INFO | Verificando headers
2023-11-01 at 17:51:16 | INFO | Enviando requisição POST
2023-11-01 at 17:51:16 | INFO | Requisição realizada com sucesso!
2023-11-01 at 17:51:16 | INFO | Verificando headers
2023-11-01 at 17:51:17 | INFO | Enviando requisição POST
2023-11-01 at 17:51:17 | INFO | Requisição realizada com sucesso!
2023-11-01 at 17:51:17 | INFO | Verificando headers
2023-11-01 at 17:51:19 | INFO | Enviando requisição POST
2023-11-01 at 17:51:19 | INFO | Requisição realizada com sucesso!
2023-11-01 at 17:51:19 | INFO | Verificando headers
2023-11-01 at 17:51:20 | INFO | Enviando requisição POST
2023-11-01 at 17:51:20 | INFO | Requisição realizada com sucesso!
2023-11-01 at 17:51:20 | INFO | Verificando headers
2023-11-01 at 17:51:21 | INFO | Enviando requisição POST
2023-11-01 at 17:51:21 | INFO | Requisição realizada com sucesso!
2023-11-01 at 17:51:21 | INFO | Verificando headers
2023-11-01 at 17:51:22 | INFO | Enviando requisição POST
2023-11-01 at 17:51:22 | INFO | Requisição realizada com sucesso!
2023-11-01 at 17:51:22 | INFO | Verificando headers
2023-11-01 at 17:51:23 | INFO | Enviando requisição POST
2023-11-01 at 17:51:23 | INFO | Requisição realizada com sucesso!
2023-11-01 at 17:51:23 | INFO | Verificando headers
2023-11-01 at 17:51:24 | INFO | Enviando requisição POST
2023-11-01 at 17:51:24 | INFO | Requisição realizada com sucesso!
2023-11-01 at 17:51:24 | INFO | Verificando headers
2023-11-01 at 17:51:25 | INFO | Enviando requisição POST
2023-11-01 at 17:51:25 | INFO | Requisição realizada com sucesso!
2023-11-01 at 17:51:25 | INFO | Verificando headers
2023-11-01 at 17:51:27 | INFO | Enviando requisição POST
2023-11-01 at 17:51:27 | INFO | Requisição realizada com sucesso!
2023-11-01 at 17:51:27 | INFO | Verificando headers
2023-11-01 at 17:51:28 | INFO | Enviando requisição POST
2023-11-01 at 17:51:28 | INFO | Requisição realizada com sucesso!
2023-11-01 at 17:51:28 | INFO | Verificando headers
2023-11-01 at 17:51:29 | INFO | Enviando requisição POST
2023-11-01 at 17:51:29 | INFO | Requisição realizada com sucesso!
2023-11-01 at 17:51:29 | INFO | Verificando headers
2023-11-01 at 17:51:30 | INFO | Enviando requisição POST
2023-11-01 at 17:51:30 | INFO | Requisição realizada com sucesso!
2023-11-01 at 17:51:30 | INFO | Verificando headers
2023-11-01 at 17:51:31 | INFO | Enviando requisição POST
2023-11-01 at 17:51:31 | INFO | Requisição realizada com sucesso!
2023-11-01 at 17:51:31 | INFO | Verificando headers
2023-11-01 at 17:51:32 | INFO | Enviando requisição POST
2023-11-01 at 17:51:32 | INFO | Requisição realizada com sucesso!
2023-11-01 at 17:52:32 | INFO | Verificando headers
2023-11-01 at 17:52:34 | INFO | Enviando requisição POST
2023-11-01 at 17:52:34 | INFO | Requisição realizada com sucesso!
2023-11-01 at 17:52:34 | INFO | Verificando headers
2023-11-01 at 17:52:35 | INFO | Enviando requisição POST
2023-11-01 at 17:52:35 | INFO | Requisição realizada com sucesso!
2023-11-01 at 17:52:35 | INFO | Verificando headers
2023-11-01 at 17:52:36 | INFO | Enviando requisição POST
2023-11-01 at 17:52:36 | INFO | Requisição realizada com sucesso!
2023-11-01 at 17:52:36 | INFO | Verificando headers
2023-11-01 at 17:52:37 | INFO | Enviando requisição POST
2023-11-01 at 17:52:37 | INFO | Requisição realizada com sucesso!
2023-11-01 at 17:52:37 | INFO | Verificando headers
2023-11-01 at 17:52:38 | INFO | Enviando requisição POST
2023-11-01 at 17:52:38 | INFO | Requisição realizada com sucesso!
2023-11-01 at 17:52:38 | INFO | Verificando headers
2023-11-01 at 17:52:39 | INFO | Enviando requisição POST
2023-11-01 at 17:52:39 | INFO | Requisição realizada com sucesso!
2023-11-01 at 17:52:39 | INFO | Verificando headers
2023-11-01 at 17:52:40 | INFO | Enviando requisição POST
2023-11-01 at 17:52:40 | INFO | Requisição realizada com sucesso!
2023-11-01 at 17:52:40 | INFO | Verificando headers
2023-11-01 at 17:52:41 | INFO | Enviando requisição POST
2023-11-01 at 17:52:41 | INFO | Requisição realizada com sucesso!
2023-11-01 at 17:52:41 | INFO | Verificando headers
2023-11-01 at 17:52:43 | INFO | Enviando requisição POST
2023-11-01 at 17:52:43 | INFO | Requisição realizada com sucesso!
2023-11-01 at 17:52:43 | INFO | Verificando headers
2023-11-01 at 17:52:44 | INFO | Enviando requisição POST
2023-11-01 at 17:52:44 | INFO | Requisição realizada com sucesso!
2023-11-01 at 17:52:44 | INFO | Verificando headers
2023-11-01 at 17:52:45 | INFO | Enviando requisição POST
2023-11-01 at 17:52:45 | INFO | Requisição realizada com sucesso!
2023-11-01 at 17:52:45 | INFO | Verificando headers
2023-11-01 at 17:52:46 | INFO | Enviando requisição POST
2023-11-01 at 17:52:46 | INFO | Requisição realizada com sucesso!
2023-11-01 at 17:52:46 | INFO | Verificando headers
2023-11-01 at 17:52:47 | INFO | Enviando requisição POST
2023-11-01 at 17:52:47 | INFO | Requisição realizada com sucesso!
2023-11-01 at 17:52:47 | INFO | Verificando headers
2023-11-01 at 17:52:48 | INFO | Enviando requisição POST
2023-11-01 at 17:52:48 | INFO | Requisição realizada com sucesso!
2023-11-01 at 17:52:48 | INFO | Verificando headers
2023-11-01 at 17:52:49 | INFO | Enviando requisição POST
2023-11-01 at 17:52:49 | INFO | Requisição realizada com sucesso!
2023-11-01 at 17:52:49 | INFO | Verificando headers
2023-11-01 at 17:52:50 | INFO | Enviando requisição POST
2023-11-01 at 17:52:50 | INFO | Requisição realizada com sucesso!
2023-11-01 at 17:52:50 | INFO | Verificando headers
2023-11-01 at 17:52:51 | INFO | Enviando requisição POST
2023-11-01 at 17:52:51 | INFO | Requisição realizada com sucesso!
2023-11-01 at 17:52:51 | INFO | Verificando headers
2023-11-01 at 17:52:52 | INFO | Enviando requisição POST
2023-11-01 at 17:52:52 | INFO | Requisição realizada com sucesso!
2023-11-01 at 17:52:52 | INFO | Verificando headers
2023-11-01 at 17:52:53 | INFO | Enviando requisição POST
2023-11-01 at 17:52:53 | INFO | Requisição realizada com sucesso!
2023-11-01 at 17:52:53 | INFO | Verificando headers
2023-11-01 at 17:52:54 | INFO | Enviando requisição POST
2023-11-01 at 17:52:54 | INFO | Requisição realizada com sucesso!
2023-11-01 at 17:52:54 | INFO | Verificando headers
2023-11-01 at 17:52:55 | INFO | Enviando requisição POST
2023-11-01 at 17:52:55 | INFO | Requisição realizada com sucesso!
2023-11-01 at 17:52:55 | INFO | Verificando headers
2023-11-01 at 17:52:56 | INFO | Enviando requisição POST
2023-11-01 at 17:52:56 | INFO | Requisição realizada com sucesso!
2023-11-01 at 17:52:56 | INFO | Verificando headers
2023-11-01 at 17:52:58 | INFO | Enviando requisição POST
2023-11-01 at 17:52:58 | INFO | Requisição realizada com sucesso!
2023-11-01 at 17:52:58 | INFO | Verificando headers
2023-11-01 at 17:52:59 | INFO | Enviando requisição POST
2023-11-01 at 17:52:59 | INFO | Requisição realizada com sucesso!
2023-11-01 at 17:52:59 | INFO | Verificando headers
2023-11-01 at 17:53:00 | INFO | Enviando requisição POST
2023-11-01 at 17:53:00 | INFO | Requisição realizada com sucesso!
2023-11-01 at 17:53:00 | INFO | Verificando headers
2023-11-01 at 17:53:01 | INFO | Enviando requisição POST
2023-11-01 at 17:53:01 | INFO | Requisição realizada com sucesso!
2023-11-01 at 17:53:01 | INFO | Verificando headers
2023-11-01 at 17:53:02 | INFO | Enviando requisição POST
2023-11-01 at 17:53:02 | INFO | Requisição realizada com sucesso!
2023-11-01 at 17:53:02 | INFO | Verificando headers
2023-11-01 at 17:53:03 | INFO | Enviando requisição POST
2023-11-01 at 17:53:03 | INFO | Requisição realizada com sucesso!
2023-11-01 at 17:53:03 | INFO | Verificando headers
2023-11-01 at 17:53:04 | INFO | Enviando requisição POST
2023-11-01 at 17:53:04 | INFO | Requisição realizada com sucesso!
2023-11-01 at 17:53:04 | INFO | Verificando headers
2023-11-01 at 17:53:06 | INFO | Enviando requisição POST
2023-11-01 at 17:53:06 | INFO | Requisição realizada com sucesso!
2023-11-01 at 17:53:06 | INFO | Verificando headers
2023-11-01 at 17:53:07 | INFO | Enviando requisição POST
2023-11-01 at 17:53:07 | INFO | Requisição realizada com sucesso!
2023-11-01 at 17:53:07 | INFO | Verificando headers
2023-11-01 at 17:53:08 | INFO | Enviando requisição POST
2023-11-01 at 17:53:08 | INFO | Requisição realizada com sucesso!
2023-11-01 at 17:53:08 | INFO | Verificando headers
2023-11-01 at 17:53:10 | INFO | Enviando requisição POST
2023-11-01 at 17:53:10 | INFO | Requisição realizada com sucesso!
2023-11-01 at 17:53:10 | INFO | Verificando headers
2023-11-01 at 17:53:11 | INFO | Enviando requisição POST
2023-11-01 at 17:53:11 | INFO | Requisição realizada com sucesso!
2023-11-01 at 17:53:11 | INFO | Verificando headers
2023-11-01 at 17:53:13 | INFO | Enviando requisição POST
2023-11-01 at 17:53:13 | INFO | Requisição realizada com sucesso!
2023-11-01 at 17:53:13 | INFO | Verificando headers
2023-11-01 at 17:53:14 | INFO | Enviando requisição POST
2023-11-01 at 17:53:14 | INFO | Requisição realizada com sucesso!
2023-11-01 at 17:53:14 | INFO | Verificando headers
2023-11-01 at 17:53:15 | INFO | Enviando requisição POST
2023-11-01 at 17:53:15 | INFO | Requisição realizada com sucesso!
2023-11-01 at 17:53:15 | INFO | Verificando headers
2023-11-01 at 17:53:17 | INFO | Enviando requisição POST
2023-11-01 at 17:53:17 | INFO | Requisição realizada com sucesso!
2023-11-01 at 17:53:17 | INFO | Verificando headers
2023-11-01 at 17:53:18 | INFO | Enviando requisição POST
2023-11-01 at 17:53:18 | INFO | Requisição realizada com sucesso!
2023-11-01 at 17:53:18 | INFO | Verificando headers
2023-11-01 at 17:53:19 | INFO | Enviando requisição POST
2023-11-01 at 17:53:19 | INFO | Requisição realizada com sucesso!
2023-11-01 at 17:53:19 | INFO | Verificando headers
2023-11-01 at 17:53:21 | INFO | Enviando requisição POST
2023-11-01 at 17:53:21 | INFO | Requisição realizada com sucesso!
2023-11-01 at 17:53:21 | INFO | Verificando headers
2023-11-01 at 17:53:22 | INFO | Enviando requisição POST
2023-11-01 at 17:53:22 | INFO | Requisição realizada com sucesso!
2023-11-01 at 17:53:22 | INFO | Verificando headers
2023-11-01 at 17:53:23 | INFO | Enviando requisição POST
2023-11-01 at 17:53:23 | INFO | Requisição realizada com sucesso!
2023-11-01 at 17:53:23 | INFO | Verificando headers
2023-11-01 at 17:53:24 | INFO | Enviando requisição POST
2023-11-01 at 17:53:24 | INFO | Requisição realizada com sucesso!
2023-11-01 at 17:53:24 | INFO | Verificando headers
2023-11-01 at 17:53:25 | INFO | Enviando requisição POST
2023-11-01 at 17:53:25 | INFO | Requisição realizada com sucesso!
2023-11-01 at 17:53:25 | INFO | Verificando headers
2023-11-01 at 17:53:26 | INFO | Enviando requisição POST
2023-11-01 at 17:53:26 | INFO | Requisição realizada com sucesso!
2023-11-01 at 17:53:26 | INFO | Verificando headers
2023-11-01 at 17:53:28 | INFO | Enviando requisição POST
2023-11-01 at 17:53:28 | INFO | Requisição realizada com sucesso!
2023-11-01 at 17:53:28 | INFO | Verificando headers
2023-11-01 at 17:53:29 | INFO | Enviando requisição POST
2023-11-01 at 17:53:29 | INFO | Requisição realizada com sucesso!
2023-11-01 at 17:53:29 | INFO | Verificando headers
2023-11-01 at 17:53:30 | INFO | Enviando requisição POST
2023-11-01 at 17:53:30 | INFO | Requisição realizada com sucesso!
2023-11-01 at 17:53:30 | INFO | Verificando headers
2023-11-01 at 17:53:31 | INFO | Enviando requisição POST
2023-11-01 at 17:53:31 | INFO | Requisição realizada com sucesso!
2023-11-01 at 17:54:31 | INFO | Verificando headers
2023-11-01 at 17:54:32 | INFO | Enviando requisição POST
2023-11-01 at 17:54:32 | INFO | Requisição realizada com sucesso!
2023-11-01 at 17:54:32 | INFO | Verificando headers
2023-11-01 at 17:54:33 | INFO | Enviando requisição POST
2023-11-01 at 17:54:33 | INFO | Requisição realizada com sucesso!
2023-11-01 at 17:54:33 | INFO | Verificando headers
2023-11-01 at 17:54:34 | INFO | Enviando requisição POST
2023-11-01 at 17:54:34 | INFO | Requisição realizada com sucesso!
2023-11-01 at 17:54:34 | INFO | Verificando headers
2023-11-01 at 17:54:35 | INFO | Enviando requisição POST
2023-11-01 at 17:54:35 | INFO | Requisição realizada com sucesso!
2023-11-01 at 17:54:35 | INFO | Verificando headers
2023-11-01 at 17:54:37 | INFO | Enviando requisição POST
2023-11-01 at 17:54:37 | INFO | Requisição realizada com sucesso!
2023-11-01 at 17:54:37 | INFO | Verificando headers
2023-11-01 at 17:54:38 | INFO | Enviando requisição POST
2023-11-01 at 17:54:38 | INFO | Requisição realizada com sucesso!
2023-11-01 at 17:54:38 | INFO | Verificando headers
2023-11-01 at 17:54:39 | INFO | Enviando requisição POST
2023-11-01 at 17:54:39 | INFO | Requisição realizada com sucesso!
2023-11-01 at 17:54:39 | INFO | Verificando headers
2023-11-01 at 17:54:40 | INFO | Enviando requisição POST
2023-11-01 at 17:54:40 | INFO | Requisição realizada com sucesso!
2023-11-01 at 17:54:40 | INFO | Verificando headers
2023-11-01 at 17:54:41 | INFO | Enviando requisição POST
2023-11-01 at 17:54:41 | INFO | Requisição realizada com sucesso!
2023-11-01 at 17:54:41 | INFO | Verificando headers
2023-11-01 at 17:54:42 | INFO | Enviando requisição POST
2023-11-01 at 17:54:42 | INFO | Requisição realizada com sucesso!
2023-11-01 at 17:54:42 | INFO | Verificando headers
2023-11-01 at 17:54:43 | INFO | Enviando requisição POST
2023-11-01 at 17:54:43 | INFO | Requisição realizada com sucesso!
2023-11-01 at 17:54:43 | INFO | Verificando headers
2023-11-01 at 17:54:44 | INFO | Enviando requisição POST
2023-11-01 at 17:54:44 | INFO | Requisição realizada com sucesso!
2023-11-01 at 17:54:44 | INFO | Verificando headers
2023-11-01 at 17:54:45 | INFO | Enviando requisição POST
2023-11-01 at 17:54:45 | INFO | Requisição realizada com sucesso!
2023-11-01 at 17:54:45 | INFO | Verificando headers
2023-11-01 at 17:54:46 | INFO | Enviando requisição POST
2023-11-01 at 17:54:46 | INFO | Requisição realizada com sucesso!
2023-11-01 at 17:54:46 | INFO | Verificando headers
2023-11-01 at 17:54:47 | INFO | Enviando requisição POST
2023-11-01 at 17:54:47 | INFO | Requisição realizada com sucesso!
2023-11-01 at 17:54:47 | INFO | Verificando headers
2023-11-01 at 17:54:48 | INFO | Enviando requisição POST
2023-11-01 at 17:54:48 | INFO | Requisição realizada com sucesso!
2023-11-01 at 17:54:48 | INFO | Verificando headers
2023-11-01 at 17:54:49 | INFO | Enviando requisição POST
2023-11-01 at 17:54:49 | INFO | Requisição realizada com sucesso!
2023-11-01 at 17:54:49 | INFO | Verificando headers
2023-11-01 at 17:54:50 | INFO | Enviando requisição POST
2023-11-01 at 17:54:50 | INFO | Requisição realizada com sucesso!
2023-11-01 at 17:54:50 | INFO | Verificando headers
2023-11-01 at 17:54:51 | INFO | Enviando requisição POST
2023-11-01 at 17:54:51 | INFO | Requisição realizada com sucesso!
2023-11-01 at 17:54:51 | INFO | Verificando headers
2023-11-01 at 17:54:53 | INFO | Enviando requisição POST
2023-11-01 at 17:54:53 | INFO | Requisição realizada com sucesso!
2023-11-01 at 17:54:53 | INFO | Verificando headers
2023-11-01 at 17:54:54 | INFO | Enviando requisição POST
2023-11-01 at 17:54:54 | INFO | Requisição realizada com sucesso!
2023-11-01 at 17:54:54 | INFO | Verificando headers
2023-11-01 at 17:54:55 | INFO | Enviando requisição POST
2023-11-01 at 17:54:55 | INFO | Requisição realizada com sucesso!
2023-11-01 at 17:54:55 | INFO | Verificando headers
2023-11-01 at 17:54:56 | INFO | Enviando requisição POST
2023-11-01 at 17:54:56 | INFO | Requisição realizada com sucesso!
2023-11-01 at 17:54:56 | INFO | Verificando headers
2023-11-01 at 17:54:57 | INFO | Enviando requisição POST
2023-11-01 at 17:54:57 | INFO | Requisição realizada com sucesso!
2023-11-01 at 17:54:57 | INFO | Verificando headers
2023-11-01 at 17:54:58 | INFO | Enviando requisição POST
2023-11-01 at 17:54:58 | INFO | Requisição realizada com sucesso!
2023-11-01 at 17:54:58 | INFO | Verificando headers
2023-11-01 at 17:54:59 | INFO | Enviando requisição POST
2023-11-01 at 17:54:59 | INFO | Requisição realizada com sucesso!
2023-11-01 at 17:54:59 | INFO | Verificando headers
2023-11-01 at 17:55:00 | INFO | Enviando requisição POST
2023-11-01 at 17:55:00 | INFO | Requisição realizada com sucesso!
2023-11-01 at 17:55:00 | INFO | Verificando headers
2023-11-01 at 17:55:01 | INFO | Enviando requisição POST
2023-11-01 at 17:55:01 | INFO | Requisição realizada com sucesso!
2023-11-01 at 17:55:01 | INFO | Verificando headers
2023-11-01 at 17:55:02 | INFO | Enviando requisição POST
2023-11-01 at 17:55:02 | INFO | Requisição realizada com sucesso!
2023-11-01 at 17:55:02 | INFO | Verificando headers
2023-11-01 at 17:55:03 | INFO | Enviando requisição POST
2023-11-01 at 17:55:03 | INFO | Requisição realizada com sucesso!
2023-11-01 at 17:55:03 | INFO | Verificando headers
2023-11-01 at 17:55:04 | INFO | Enviando requisição POST
2023-11-01 at 17:55:04 | INFO | Requisição realizada com sucesso!
2023-11-01 at 17:55:04 | INFO | Verificando headers
2023-11-01 at 17:55:05 | INFO | Enviando requisição POST
2023-11-01 at 17:55:05 | INFO | Requisição realizada com sucesso!
2023-11-01 at 17:55:05 | INFO | Verificando headers
2023-11-01 at 17:55:06 | INFO | Enviando requisição POST
2023-11-01 at 17:55:06 | INFO | Requisição realizada com sucesso!
2023-11-01 at 17:55:06 | INFO | Verificando headers
2023-11-01 at 17:55:08 | INFO | Enviando requisição POST
2023-11-01 at 17:55:08 | INFO | Requisição realizada com sucesso!
2023-11-01 at 17:55:08 | INFO | Verificando headers
2023-11-01 at 17:55:09 | INFO | Enviando requisição POST
2023-11-01 at 17:55:09 | INFO | Requisição realizada com sucesso!
2023-11-01 at 17:55:09 | INFO | Verificando headers
2023-11-01 at 17:55:10 | INFO | Enviando requisição POST
2023-11-01 at 17:55:10 | INFO | Requisição realizada com sucesso!
2023-11-01 at 17:55:10 | INFO | Verificando headers
2023-11-01 at 17:55:11 | INFO | Enviando requisição POST
2023-11-01 at 17:55:11 | INFO | Requisição realizada com sucesso!
2023-11-01 at 17:55:11 | INFO | Verificando headers
2023-11-01 at 17:55:13 | INFO | Enviando requisição POST
2023-11-01 at 17:55:13 | INFO | Requisição realizada com sucesso!
2023-11-01 at 17:55:13 | INFO | Verificando headers
2023-11-01 at 17:55:14 | INFO | Enviando requisição POST
2023-11-01 at 17:55:14 | INFO | Requisição realizada com sucesso!
2023-11-01 at 17:55:14 | INFO | Verificando headers
2023-11-01 at 17:55:15 | INFO | Enviando requisição POST
2023-11-01 at 17:55:15 | INFO | Requisição realizada com sucesso!
2023-11-01 at 17:55:15 | INFO | Verificando headers
2023-11-01 at 17:55:17 | INFO | Enviando requisição POST
2023-11-01 at 17:55:17 | INFO | Requisição realizada com sucesso!
2023-11-01 at 17:55:17 | INFO | Verificando headers
2023-11-01 at 17:55:18 | INFO | Enviando requisição POST
2023-11-01 at 17:55:18 | INFO | Requisição realizada com sucesso!
2023-11-01 at 17:55:18 | INFO | Verificando headers
2023-11-01 at 17:55:19 | INFO | Enviando requisição POST
2023-11-01 at 17:55:19 | INFO | Requisição realizada com sucesso!
2023-11-01 at 17:55:19 | INFO | Verificando headers
2023-11-01 at 17:55:21 | INFO | Enviando requisição POST
2023-11-01 at 17:55:21 | INFO | Requisição realizada com sucesso!
2023-11-01 at 17:55:21 | INFO | Verificando headers
2023-11-01 at 17:55:22 | INFO | Enviando requisição POST
2023-11-01 at 17:55:22 | INFO | Requisição realizada com sucesso!
2023-11-01 at 17:55:22 | INFO | Verificando headers
2023-11-01 at 17:55:23 | INFO | Enviando requisição POST
2023-11-01 at 17:55:23 | INFO | Requisição realizada com sucesso!
2023-11-01 at 17:55:23 | INFO | Verificando headers
2023-11-01 at 17:55:24 | INFO | Enviando requisição POST
2023-11-01 at 17:55:24 | INFO | Requisição realizada com sucesso!
2023-11-01 at 17:55:24 | INFO | Verificando headers
2023-11-01 at 17:55:25 | INFO | Enviando requisição POST
2023-11-01 at 17:55:25 | INFO | Requisição realizada com sucesso!
2023-11-01 at 17:55:25 | INFO | Verificando headers
2023-11-01 at 17:55:27 | INFO | Enviando requisição POST
2023-11-01 at 17:55:27 | INFO | Requisição realizada com sucesso!
2023-11-01 at 17:55:27 | INFO | Verificando headers
2023-11-01 at 17:55:28 | INFO | Enviando requisição POST
2023-11-01 at 17:55:28 | INFO | Requisição realizada com sucesso!
2023-11-01 at 17:56:28 | INFO | Verificando headers
2023-11-01 at 17:56:29 | INFO | Enviando requisição POST
2023-11-01 at 17:56:29 | INFO | Requisição realizada com sucesso!
2023-11-01 at 17:56:29 | INFO | Verificando headers
2023-11-01 at 17:56:30 | INFO | Enviando requisição POST
2023-11-01 at 17:56:30 | INFO | Requisição realizada com sucesso!
2023-11-01 at 17:56:30 | INFO | Verificando headers
2023-11-01 at 17:56:31 | INFO | Enviando requisição POST
2023-11-01 at 17:56:31 | INFO | Requisição realizada com sucesso!
2023-11-01 at 17:56:31 | INFO | Verificando headers
2023-11-01 at 17:56:32 | INFO | Enviando requisição POST
2023-11-01 at 17:56:32 | INFO | Requisição realizada com sucesso!
2023-11-01 at 17:56:32 | INFO | Verificando headers
2023-11-01 at 17:56:33 | INFO | Enviando requisição POST
2023-11-01 at 17:56:33 | INFO | Requisição realizada com sucesso!
2023-11-01 at 17:56:33 | INFO | Verificando headers
2023-11-01 at 17:56:35 | INFO | Enviando requisição POST
2023-11-01 at 17:56:35 | INFO | Requisição realizada com sucesso!
2023-11-01 at 17:56:35 | INFO | Verificando headers
2023-11-01 at 17:56:36 | INFO | Enviando requisição POST
2023-11-01 at 17:56:36 | INFO | Requisição realizada com sucesso!
2023-11-01 at 17:56:36 | INFO | Verificando headers
2023-11-01 at 17:56:37 | INFO | Enviando requisição POST
2023-11-01 at 17:56:37 | INFO | Requisição realizada com sucesso!
2023-11-01 at 17:56:37 | INFO | Verificando headers
2023-11-01 at 17:56:38 | INFO | Enviando requisição POST
2023-11-01 at 17:56:38 | INFO | Requisição realizada com sucesso!
2023-11-01 at 17:56:38 | INFO | Verificando headers
2023-11-01 at 17:56:39 | INFO | Enviando requisição POST
2023-11-01 at 17:56:39 | INFO | Requisição realizada com sucesso!
2023-11-01 at 17:56:39 | INFO | Verificando headers
2023-11-01 at 17:56:40 | INFO | Enviando requisição POST
2023-11-01 at 17:56:40 | INFO | Requisição realizada com sucesso!
2023-11-01 at 17:56:40 | INFO | Verificando headers
2023-11-01 at 17:56:41 | INFO | Enviando requisição POST
2023-11-01 at 17:56:41 | INFO | Requisição realizada com sucesso!
2023-11-01 at 17:56:41 | INFO | Verificando headers
2023-11-01 at 17:56:42 | INFO | Enviando requisição POST
2023-11-01 at 17:56:42 | INFO | Requisição realizada com sucesso!
2023-11-01 at 17:56:42 | INFO | Verificando headers
2023-11-01 at 17:56:43 | INFO | Enviando requisição POST
2023-11-01 at 17:56:43 | INFO | Requisição realizada com sucesso!
2023-11-01 at 17:56:43 | INFO | Verificando headers
2023-11-01 at 17:56:45 | INFO | Enviando requisição POST
2023-11-01 at 17:56:45 | INFO | Requisição realizada com sucesso!
2023-11-01 at 17:56:45 | INFO | Verificando headers
2023-11-01 at 17:56:46 | INFO | Enviando requisição POST
2023-11-01 at 17:56:46 | INFO | Requisição realizada com sucesso!
2023-11-01 at 17:56:46 | INFO | Verificando headers
2023-11-01 at 17:56:47 | INFO | Enviando requisição POST
2023-11-01 at 17:56:47 | INFO | Requisição realizada com sucesso!
2023-11-01 at 17:56:47 | INFO | Verificando headers
2023-11-01 at 17:56:48 | INFO | Enviando requisição POST
2023-11-01 at 17:56:48 | INFO | Requisição realizada com sucesso!
2023-11-01 at 17:56:48 | INFO | Verificando headers
2023-11-01 at 17:56:50 | INFO | Enviando requisição POST
2023-11-01 at 17:56:50 | INFO | Requisição realizada com sucesso!
2023-11-01 at 17:56:50 | INFO | Verificando headers
2023-11-01 at 17:56:51 | INFO | Enviando requisição POST
2023-11-01 at 17:56:51 | INFO | Requisição realizada com sucesso!
2023-11-01 at 17:56:51 | INFO | Verificando headers
2023-11-01 at 17:56:52 | INFO | Enviando requisição POST
2023-11-01 at 17:56:52 | INFO | Requisição realizada com sucesso!
2023-11-01 at 17:56:52 | INFO | Verificando headers
2023-11-01 at 17:56:53 | INFO | Enviando requisição POST
2023-11-01 at 17:56:53 | INFO | Requisição realizada com sucesso!
2023-11-01 at 17:56:53 | INFO | Verificando headers
2023-11-01 at 17:56:54 | INFO | Enviando requisição POST
2023-11-01 at 17:56:54 | INFO | Requisição realizada com sucesso!
2023-11-01 at 17:56:54 | INFO | Verificando headers
2023-11-01 at 17:56:55 | INFO | Enviando requisição POST
2023-11-01 at 17:56:55 | INFO | Requisição realizada com sucesso!
2023-11-01 at 17:56:55 | INFO | Verificando headers
2023-11-01 at 17:56:56 | INFO | Enviando requisição POST
2023-11-01 at 17:56:56 | INFO | Requisição realizada com sucesso!
2023-11-01 at 17:56:56 | INFO | Verificando headers
2023-11-01 at 17:56:57 | INFO | Enviando requisição POST
2023-11-01 at 17:56:57 | INFO | Requisição realizada com sucesso!
2023-11-01 at 17:56:57 | INFO | Verificando headers
2023-11-01 at 17:56:58 | INFO | Enviando requisição POST
2023-11-01 at 17:56:58 | INFO | Requisição realizada com sucesso!
2023-11-01 at 17:56:58 | INFO | Verificando headers
2023-11-01 at 17:56:59 | INFO | Enviando requisição POST
2023-11-01 at 17:56:59 | INFO | Requisição realizada com sucesso!
2023-11-01 at 17:56:59 | INFO | Verificando headers
2023-11-01 at 17:57:00 | INFO | Enviando requisição POST
2023-11-01 at 17:57:00 | INFO | Requisição realizada com sucesso!
2023-11-01 at 17:57:00 | INFO | Verificando headers
2023-11-01 at 17:57:01 | INFO | Enviando requisição POST
2023-11-01 at 17:57:01 | INFO | Requisição realizada com sucesso!
2023-11-01 at 17:57:01 | INFO | Verificando headers
2023-11-01 at 17:57:02 | INFO | Enviando requisição POST
2023-11-01 at 17:57:02 | INFO | Requisição realizada com sucesso!
2023-11-01 at 17:57:02 | INFO | Verificando headers
2023-11-01 at 17:57:04 | INFO | Enviando requisição POST
2023-11-01 at 17:57:04 | INFO | Requisição realizada com sucesso!
2023-11-01 at 17:57:04 | INFO | Verificando headers
2023-11-01 at 17:57:05 | INFO | Enviando requisição POST
2023-11-01 at 17:57:05 | INFO | Requisição realizada com sucesso!
2023-11-01 at 17:57:05 | INFO | Verificando headers
2023-11-01 at 17:57:06 | INFO | Enviando requisição POST
2023-11-01 at 17:57:06 | INFO | Requisição realizada com sucesso!
2023-11-01 at 17:57:06 | INFO | Verificando headers
2023-11-01 at 17:57:07 | INFO | Enviando requisição POST
2023-11-01 at 17:57:07 | INFO | Requisição realizada com sucesso!
2023-11-01 at 17:57:07 | INFO | Verificando headers
2023-11-01 at 17:57:08 | INFO | Enviando requisição POST
2023-11-01 at 17:57:08 | INFO | Requisição realizada com sucesso!
2023-11-01 at 17:57:08 | INFO | Verificando headers
2023-11-01 at 17:57:09 | INFO | Enviando requisição POST
2023-11-01 at 17:57:09 | INFO | Requisição realizada com sucesso!
2023-11-01 at 17:57:09 | INFO | Verificando headers
2023-11-01 at 17:57:10 | INFO | Enviando requisição POST
2023-11-01 at 17:57:10 | INFO | Requisição realizada com sucesso!
2023-11-01 at 17:57:10 | INFO | Verificando headers
2023-11-01 at 17:57:12 | INFO | Enviando requisição POST
2023-11-01 at 17:57:12 | INFO | Requisição realizada com sucesso!
2023-11-01 at 17:57:12 | INFO | Verificando headers
2023-11-01 at 17:57:13 | INFO | Enviando requisição POST
2023-11-01 at 17:57:13 | INFO | Requisição realizada com sucesso!
2023-11-01 at 17:57:13 | INFO | Verificando headers
2023-11-01 at 17:57:14 | INFO | Enviando requisição POST
2023-11-01 at 17:57:14 | INFO | Requisição realizada com sucesso!
2023-11-01 at 17:57:14 | INFO | Verificando headers
2023-11-01 at 17:57:15 | INFO | Enviando requisição POST
2023-11-01 at 17:57:15 | INFO | Requisição realizada com sucesso!
2023-11-01 at 17:57:15 | INFO | Verificando headers
2023-11-01 at 17:57:17 | INFO | Enviando requisição POST
2023-11-01 at 17:57:17 | INFO | Requisição realizada com sucesso!
2023-11-01 at 17:57:17 | INFO | Verificando headers
2023-11-01 at 17:57:18 | INFO | Enviando requisição POST
2023-11-01 at 17:57:18 | INFO | Requisição realizada com sucesso!
2023-11-01 at 17:57:18 | INFO | Verificando headers
2023-11-01 at 17:57:19 | INFO | Enviando requisição POST
2023-11-01 at 17:57:19 | INFO | Requisição realizada com sucesso!
2023-11-01 at 17:57:19 | INFO | Verificando headers
2023-11-01 at 17:57:20 | INFO | Enviando requisição POST
2023-11-01 at 17:57:20 | INFO | Requisição realizada com sucesso!
2023-11-01 at 17:57:20 | INFO | Verificando headers
2023-11-01 at 17:57:21 | INFO | Enviando requisição POST
2023-11-01 at 17:57:21 | INFO | Requisição realizada com sucesso!
2023-11-01 at 17:57:21 | INFO | Verificando headers
2023-11-01 at 17:57:22 | INFO | Enviando requisição POST
2023-11-01 at 17:57:22 | INFO | Requisição realizada com sucesso!
2023-11-01 at 17:57:22 | INFO | Verificando headers
2023-11-01 at 17:57:24 | INFO | Enviando requisição POST
2023-11-01 at 17:57:24 | INFO | Requisição realizada com sucesso!
2023-11-01 at 17:57:24 | INFO | Verificando headers
2023-11-01 at 17:57:25 | INFO | Enviando requisição POST
2023-11-01 at 17:57:25 | INFO | Requisição realizada com sucesso!
2023-11-01 at 17:58:25 | INFO | Verificando headers
2023-11-01 at 17:58:26 | INFO | Enviando requisição POST
2023-11-01 at 17:58:26 | INFO | Requisição realizada com sucesso!
2023-11-01 at 17:58:26 | INFO | Verificando headers
2023-11-01 at 17:58:27 | INFO | Enviando requisição POST
2023-11-01 at 17:58:27 | INFO | Requisição realizada com sucesso!
2023-11-01 at 17:58:27 | INFO | Verificando headers
2023-11-01 at 17:58:28 | INFO | Enviando requisição POST
2023-11-01 at 17:58:28 | INFO | Requisição realizada com sucesso!
2023-11-01 at 17:58:28 | INFO | Verificando headers
2023-11-01 at 17:58:29 | INFO | Enviando requisição POST
2023-11-01 at 17:58:29 | INFO | Requisição realizada com sucesso!
2023-11-01 at 17:58:29 | INFO | Verificando headers
2023-11-01 at 17:58:30 | INFO | Enviando requisição POST
2023-11-01 at 17:58:30 | INFO | Requisição realizada com sucesso!
2023-11-01 at 17:58:30 | INFO | Verificando headers
2023-11-01 at 17:58:31 | INFO | Enviando requisição POST
2023-11-01 at 17:58:31 | INFO | Requisição realizada com sucesso!
2023-11-01 at 17:58:31 | INFO | Verificando headers
2023-11-01 at 17:58:32 | INFO | Enviando requisição POST
2023-11-01 at 17:58:32 | INFO | Requisição realizada com sucesso!
2023-11-01 at 17:58:32 | INFO | Verificando headers
2023-11-01 at 17:58:34 | INFO | Enviando requisição POST
2023-11-01 at 17:58:34 | INFO | Requisição realizada com sucesso!
2023-11-01 at 17:58:34 | INFO | Verificando headers
2023-11-01 at 17:58:35 | INFO | Enviando requisição POST
2023-11-01 at 17:58:35 | INFO | Requisição realizada com sucesso!
2023-11-01 at 17:58:35 | INFO | Verificando headers
2023-11-01 at 17:58:36 | INFO | Enviando requisição POST
2023-11-01 at 17:58:36 | INFO | Requisição realizada com sucesso!
2023-11-01 at 17:58:36 | INFO | Verificando headers
2023-11-01 at 17:58:37 | INFO | Enviando requisição POST
2023-11-01 at 17:58:37 | INFO | Requisição realizada com sucesso!
2023-11-01 at 17:58:37 | INFO | Verificando headers
2023-11-01 at 17:58:38 | INFO | Enviando requisição POST
2023-11-01 at 17:58:38 | INFO | Requisição realizada com sucesso!
2023-11-01 at 17:58:38 | INFO | Verificando headers
2023-11-01 at 17:58:39 | INFO | Enviando requisição POST
2023-11-01 at 17:58:39 | INFO | Requisição realizada com sucesso!
2023-11-01 at 17:58:39 | INFO | Verificando headers
2023-11-01 at 17:58:40 | INFO | Enviando requisição POST
2023-11-01 at 17:58:40 | INFO | Requisição realizada com sucesso!
2023-11-01 at 17:58:40 | INFO | Verificando headers
2023-11-01 at 17:58:41 | INFO | Enviando requisição POST
2023-11-01 at 17:58:41 | INFO | Requisição realizada com sucesso!
2023-11-01 at 17:58:41 | INFO | Verificando headers
2023-11-01 at 17:58:42 | INFO | Enviando requisição POST
2023-11-01 at 17:58:42 | INFO | Requisição realizada com sucesso!
2023-11-01 at 17:58:42 | INFO | Verificando headers
2023-11-01 at 17:58:43 | INFO | Enviando requisição POST
2023-11-01 at 17:58:43 | INFO | Requisição realizada com sucesso!
2023-11-01 at 17:58:44 | INFO | Verificando headers
2023-11-01 at 17:58:45 | INFO | Enviando requisição POST
2023-11-01 at 17:58:45 | INFO | Requisição realizada com sucesso!
2023-11-01 at 17:58:45 | INFO | Verificando headers
2023-11-01 at 17:58:46 | INFO | Enviando requisição POST
2023-11-01 at 17:58:46 | INFO | Requisição realizada com sucesso!
2023-11-01 at 17:58:46 | INFO | Verificando headers
2023-11-01 at 17:58:47 | INFO | Enviando requisição POST
2023-11-01 at 17:58:47 | INFO | Requisição realizada com sucesso!
2023-11-01 at 17:58:47 | INFO | Verificando headers
2023-11-01 at 17:58:48 | INFO | Enviando requisição POST
2023-11-01 at 17:58:48 | INFO | Requisição realizada com sucesso!
2023-11-01 at 17:58:48 | INFO | Verificando headers
2023-11-01 at 17:58:49 | INFO | Enviando requisição POST
2023-11-01 at 17:58:49 | INFO | Requisição realizada com sucesso!
2023-11-01 at 17:58:49 | INFO | Verificando headers
2023-11-01 at 17:58:50 | INFO | Enviando requisição POST
2023-11-01 at 17:58:50 | INFO | Requisição realizada com sucesso!
2023-11-01 at 17:58:50 | INFO | Verificando headers
2023-11-01 at 17:58:51 | INFO | Enviando requisição POST
2023-11-01 at 17:58:51 | INFO | Requisição realizada com sucesso!
2023-11-01 at 17:58:51 | INFO | Verificando headers
2023-11-01 at 17:58:52 | INFO | Enviando requisição POST
2023-11-01 at 17:58:52 | INFO | Requisição realizada com sucesso!
2023-11-01 at 17:58:52 | INFO | Verificando headers
2023-11-01 at 17:58:53 | INFO | Enviando requisição POST
2023-11-01 at 17:58:53 | INFO | Requisição realizada com sucesso!
2023-11-01 at 17:58:53 | INFO | Verificando headers
2023-11-01 at 17:58:54 | INFO | Enviando requisição POST
2023-11-01 at 17:58:54 | INFO | Requisição realizada com sucesso!
2023-11-01 at 17:58:54 | INFO | Verificando headers
2023-11-01 at 17:58:56 | INFO | Enviando requisição POST
2023-11-01 at 17:58:56 | INFO | Requisição realizada com sucesso!
2023-11-01 at 17:58:56 | INFO | Verificando headers
2023-11-01 at 17:58:57 | INFO | Enviando requisição POST
2023-11-01 at 17:58:57 | INFO | Requisição realizada com sucesso!
2023-11-01 at 17:58:57 | INFO | Verificando headers
2023-11-01 at 17:58:58 | INFO | Enviando requisição POST
2023-11-01 at 17:58:58 | INFO | Requisição realizada com sucesso!
2023-11-01 at 17:58:58 | INFO | Verificando headers
2023-11-01 at 17:58:59 | INFO | Enviando requisição POST
2023-11-01 at 17:58:59 | INFO | Requisição realizada com sucesso!
2023-11-01 at 17:58:59 | INFO | Verificando headers
2023-11-01 at 17:59:00 | INFO | Enviando requisição POST
2023-11-01 at 17:59:00 | INFO | Requisição realizada com sucesso!
2023-11-01 at 17:59:00 | INFO | Verificando headers
2023-11-01 at 17:59:01 | INFO | Enviando requisição POST
2023-11-01 at 17:59:01 | INFO | Requisição realizada com sucesso!
2023-11-01 at 17:59:01 | INFO | Verificando headers
2023-11-01 at 17:59:02 | INFO | Enviando requisição POST
2023-11-01 at 17:59:02 | INFO | Requisição realizada com sucesso!
2023-11-01 at 17:59:02 | INFO | Verificando headers
2023-11-01 at 17:59:03 | INFO | Enviando requisição POST
2023-11-01 at 17:59:03 | INFO | Requisição realizada com sucesso!
2023-11-01 at 17:59:03 | INFO | Verificando headers
2023-11-01 at 17:59:04 | INFO | Enviando requisição POST
2023-11-01 at 17:59:04 | INFO | Requisição realizada com sucesso!
2023-11-01 at 17:59:04 | INFO | Verificando headers
2023-11-01 at 17:59:05 | INFO | Enviando requisição POST
2023-11-01 at 17:59:05 | INFO | Requisição realizada com sucesso!
2023-11-01 at 17:59:05 | INFO | Verificando headers
2023-11-01 at 17:59:07 | INFO | Enviando requisição POST
2023-11-01 at 17:59:07 | INFO | Requisição realizada com sucesso!
2023-11-01 at 17:59:07 | INFO | Verificando headers
2023-11-01 at 17:59:08 | INFO | Enviando requisição POST
2023-11-01 at 17:59:08 | INFO | Requisição realizada com sucesso!
2023-11-01 at 17:59:08 | INFO | Verificando headers
2023-11-01 at 17:59:09 | INFO | Enviando requisição POST
2023-11-01 at 17:59:09 | INFO | Requisição realizada com sucesso!
2023-11-01 at 17:59:09 | INFO | Verificando headers
2023-11-01 at 17:59:10 | INFO | Enviando requisição POST
2023-11-01 at 17:59:10 | INFO | Requisição realizada com sucesso!
2023-11-01 at 17:59:10 | INFO | Verificando headers
2023-11-01 at 17:59:12 | INFO | Enviando requisição POST
2023-11-01 at 17:59:12 | INFO | Requisição realizada com sucesso!
2023-11-01 at 17:59:12 | INFO | Verificando headers
2023-11-01 at 17:59:14 | INFO | Enviando requisição POST
2023-11-01 at 17:59:14 | INFO | Requisição realizada com sucesso!
2023-11-01 at 17:59:14 | INFO | Verificando headers
2023-11-01 at 17:59:15 | INFO | Enviando requisição POST
2023-11-01 at 17:59:15 | INFO | Requisição realizada com sucesso!
2023-11-01 at 17:59:15 | INFO | Verificando headers
2023-11-01 at 17:59:16 | INFO | Enviando requisição POST
2023-11-01 at 17:59:16 | INFO | Requisição realizada com sucesso!
2023-11-01 at 17:59:16 | INFO | Verificando headers
2023-11-01 at 17:59:17 | INFO | Enviando requisição POST
2023-11-01 at 17:59:17 | INFO | Requisição realizada com sucesso!
2023-11-01 at 17:59:17 | INFO | Verificando headers
2023-11-01 at 17:59:18 | INFO | Enviando requisição POST
2023-11-01 at 17:59:18 | INFO | Requisição realizada com sucesso!
2023-11-01 at 17:59:18 | INFO | Verificando headers
2023-11-01 at 17:59:20 | INFO | Enviando requisição POST
2023-11-01 at 17:59:20 | INFO | Requisição realizada com sucesso!
2023-11-01 at 17:59:20 | INFO | Verificando headers
2023-11-01 at 17:59:21 | INFO | Enviando requisição POST
2023-11-01 at 17:59:21 | INFO | Requisição realizada com sucesso!
2023-11-01 at 17:59:21 | INFO | Verificando headers
2023-11-01 at 17:59:22 | INFO | Enviando requisição POST
2023-11-01 at 17:59:22 | INFO | Requisição realizada com sucesso!
2023-11-01 at 18:00:22 | INFO | Verificando headers
2023-11-01 at 18:00:23 | INFO | Enviando requisição POST
2023-11-01 at 18:00:23 | INFO | Requisição realizada com sucesso!
2023-11-01 at 18:00:23 | INFO | Verificando headers
2023-11-01 at 18:00:24 | INFO | Enviando requisição POST
2023-11-01 at 18:00:24 | INFO | Requisição realizada com sucesso!
2023-11-01 at 18:00:24 | INFO | Verificando headers
2023-11-01 at 18:00:25 | INFO | Enviando requisição POST
2023-11-01 at 18:00:25 | INFO | Requisição realizada com sucesso!
2023-11-01 at 18:00:25 | INFO | Verificando headers
2023-11-01 at 18:00:26 | INFO | Enviando requisição POST
2023-11-01 at 18:00:26 | INFO | Requisição realizada com sucesso!
2023-11-01 at 18:00:26 | INFO | Verificando headers
2023-11-01 at 18:00:27 | INFO | Enviando requisição POST
2023-11-01 at 18:00:27 | INFO | Requisição realizada com sucesso!
2023-11-01 at 18:00:27 | INFO | Verificando headers
2023-11-01 at 18:00:28 | INFO | Enviando requisição POST
2023-11-01 at 18:00:28 | INFO | Requisição realizada com sucesso!
2023-11-01 at 18:00:28 | INFO | Verificando headers
2023-11-01 at 18:00:30 | INFO | Enviando requisição POST
2023-11-01 at 18:00:30 | INFO | Requisição realizada com sucesso!
2023-11-01 at 18:00:30 | INFO | Verificando headers
2023-11-01 at 18:00:31 | INFO | Enviando requisição POST
2023-11-01 at 18:00:31 | INFO | Requisição realizada com sucesso!
2023-11-01 at 18:00:31 | INFO | Verificando headers
2023-11-01 at 18:00:32 | INFO | Enviando requisição POST
2023-11-01 at 18:00:32 | INFO | Requisição realizada com sucesso!
2023-11-01 at 18:00:32 | INFO | Verificando headers
2023-11-01 at 18:00:33 | INFO | Enviando requisição POST
2023-11-01 at 18:00:33 | INFO | Requisição realizada com sucesso!
2023-11-01 at 18:00:33 | INFO | Verificando headers
2023-11-01 at 18:00:34 | INFO | Enviando requisição POST
2023-11-01 at 18:00:34 | INFO | Requisição realizada com sucesso!
2023-11-01 at 18:00:34 | INFO | Verificando headers
2023-11-01 at 18:00:35 | INFO | Enviando requisição POST
2023-11-01 at 18:00:35 | INFO | Requisição realizada com sucesso!
2023-11-01 at 18:00:35 | INFO | Verificando headers
2023-11-01 at 18:00:37 | INFO | Enviando requisição POST
2023-11-01 at 18:00:37 | INFO | Requisição realizada com sucesso!
2023-11-01 at 18:00:37 | INFO | Verificando headers
2023-11-01 at 18:00:38 | INFO | Enviando requisição POST
2023-11-01 at 18:00:38 | INFO | Requisição realizada com sucesso!
2023-11-01 at 18:00:38 | INFO | Verificando headers
2023-11-01 at 18:00:39 | INFO | Enviando requisição POST
2023-11-01 at 18:00:39 | INFO | Requisição realizada com sucesso!
2023-11-01 at 18:00:39 | INFO | Verificando headers
2023-11-01 at 18:00:40 | INFO | Enviando requisição POST
2023-11-01 at 18:00:40 | INFO | Requisição realizada com sucesso!
2023-11-01 at 18:00:40 | INFO | Verificando headers
2023-11-01 at 18:00:41 | INFO | Enviando requisição POST
2023-11-01 at 18:00:41 | INFO | Requisição realizada com sucesso!
2023-11-01 at 18:00:41 | INFO | Verificando headers
2023-11-01 at 18:00:42 | INFO | Enviando requisição POST
2023-11-01 at 18:00:42 | INFO | Requisição realizada com sucesso!
2023-11-01 at 18:00:42 | INFO | Verificando headers
2023-11-01 at 18:00:44 | INFO | Enviando requisição POST
2023-11-01 at 18:00:44 | INFO | Requisição realizada com sucesso!
2023-11-01 at 18:00:44 | INFO | Verificando headers
2023-11-01 at 18:00:45 | INFO | Enviando requisição POST
2023-11-01 at 18:00:45 | INFO | Requisição realizada com sucesso!
2023-11-01 at 18:00:45 | INFO | Verificando headers
2023-11-01 at 18:00:46 | INFO | Enviando requisição POST
2023-11-01 at 18:00:46 | INFO | Requisição realizada com sucesso!
2023-11-01 at 18:00:46 | INFO | Verificando headers
2023-11-01 at 18:00:47 | INFO | Enviando requisição POST
2023-11-01 at 18:00:47 | INFO | Requisição realizada com sucesso!
2023-11-01 at 18:00:47 | INFO | Verificando headers
2023-11-01 at 18:00:48 | INFO | Enviando requisição POST
2023-11-01 at 18:00:48 | INFO | Requisição realizada com sucesso!
2023-11-01 at 18:00:48 | INFO | Verificando headers
2023-11-01 at 18:00:49 | INFO | Enviando requisição POST
2023-11-01 at 18:00:49 | INFO | Requisição realizada com sucesso!
2023-11-01 at 18:00:49 | INFO | Verificando headers
2023-11-01 at 18:00:50 | INFO | Enviando requisição POST
2023-11-01 at 18:00:50 | INFO | Requisição realizada com sucesso!
2023-11-01 at 18:00:50 | INFO | Verificando headers
2023-11-01 at 18:00:51 | INFO | Enviando requisição POST
2023-11-01 at 18:00:51 | INFO | Requisição realizada com sucesso!
2023-11-01 at 18:00:51 | INFO | Verificando headers
2023-11-01 at 18:00:52 | INFO | Enviando requisição POST
2023-11-01 at 18:00:52 | INFO | Requisição realizada com sucesso!
2023-11-01 at 18:00:52 | INFO | Verificando headers
2023-11-01 at 18:00:53 | INFO | Enviando requisição POST
2023-11-01 at 18:00:53 | INFO | Requisição realizada com sucesso!
2023-11-01 at 18:00:53 | INFO | Verificando headers
2023-11-01 at 18:00:55 | INFO | Enviando requisição POST
2023-11-01 at 18:00:55 | INFO | Requisição realizada com sucesso!
2023-11-01 at 18:00:55 | INFO | Verificando headers
2023-11-01 at 18:00:56 | INFO | Enviando requisição POST
2023-11-01 at 18:00:56 | INFO | Requisição realizada com sucesso!
2023-11-01 at 18:00:56 | INFO | Verificando headers
2023-11-01 at 18:00:57 | INFO | Enviando requisição POST
2023-11-01 at 18:00:57 | INFO | Requisição realizada com sucesso!
2023-11-01 at 18:00:57 | INFO | Verificando headers
2023-11-01 at 18:00:58 | INFO | Enviando requisição POST
2023-11-01 at 18:00:58 | INFO | Requisição realizada com sucesso!
2023-11-01 at 18:00:58 | INFO | Verificando headers
2023-11-01 at 18:00:59 | INFO | Enviando requisição POST
2023-11-01 at 18:00:59 | INFO | Requisição realizada com sucesso!
2023-11-01 at 18:00:59 | INFO | Verificando headers
2023-11-01 at 18:01:00 | INFO | Enviando requisição POST
2023-11-01 at 18:01:00 | INFO | Requisição realizada com sucesso!
2023-11-01 at 18:01:00 | INFO | Verificando headers
2023-11-01 at 18:01:01 | INFO | Enviando requisição POST
2023-11-01 at 18:01:01 | INFO | Requisição realizada com sucesso!
2023-11-01 at 18:01:01 | INFO | Verificando headers
2023-11-01 at 18:01:03 | INFO | Enviando requisição POST
2023-11-01 at 18:01:03 | INFO | Requisição realizada com sucesso!
2023-11-01 at 18:01:03 | INFO | Verificando headers
2023-11-01 at 18:01:04 | INFO | Enviando requisição POST
2023-11-01 at 18:01:04 | INFO | Requisição realizada com sucesso!
2023-11-01 at 18:01:04 | INFO | Verificando headers
2023-11-01 at 18:01:05 | INFO | Enviando requisição POST
2023-11-01 at 18:01:05 | INFO | Requisição realizada com sucesso!
2023-11-01 at 18:01:05 | INFO | Verificando headers
2023-11-01 at 18:01:07 | INFO | Enviando requisição POST
2023-11-01 at 18:01:07 | INFO | Requisição realizada com sucesso!
2023-11-01 at 18:01:07 | INFO | Verificando headers
2023-11-01 at 18:01:09 | INFO | Enviando requisição POST
2023-11-01 at 18:01:09 | INFO | Requisição realizada com sucesso!
2023-11-01 at 18:01:09 | INFO | Verificando headers
2023-11-01 at 18:01:10 | INFO | Enviando requisição POST
2023-11-01 at 18:01:10 | INFO | Requisição realizada com sucesso!
2023-11-01 at 18:01:10 | INFO | Verificando headers
2023-11-01 at 18:01:11 | INFO | Enviando requisição POST
2023-11-01 at 18:01:11 | INFO | Requisição realizada com sucesso!
2023-11-01 at 18:01:11 | INFO | Verificando headers
2023-11-01 at 18:01:13 | INFO | Enviando requisição POST
2023-11-01 at 18:01:13 | INFO | Requisição realizada com sucesso!
2023-11-01 at 18:01:13 | INFO | Verificando headers
2023-11-01 at 18:01:14 | INFO | Enviando requisição POST
2023-11-01 at 18:01:14 | INFO | Requisição realizada com sucesso!
2023-11-01 at 18:01:14 | INFO | Verificando headers
2023-11-01 at 18:01:15 | INFO | Enviando requisição POST
2023-11-01 at 18:01:15 | INFO | Requisição realizada com sucesso!
2023-11-01 at 18:01:15 | INFO | Verificando headers
2023-11-01 at 18:01:16 | INFO | Enviando requisição POST
2023-11-01 at 18:01:16 | INFO | Requisição realizada com sucesso!
2023-11-01 at 18:01:16 | INFO | Verificando headers
2023-11-01 at 18:01:18 | INFO | Enviando requisição POST
2023-11-01 at 18:01:18 | INFO | Requisição realizada com sucesso!
2023-11-01 at 18:01:18 | INFO | Verificando headers
2023-11-01 at 18:01:19 | INFO | Enviando requisição POST
2023-11-01 at 18:01:19 | INFO | Requisição realizada com sucesso!
2023-11-01 at 18:01:19 | INFO | Verificando headers
2023-11-01 at 18:01:20 | INFO | Enviando requisição POST
2023-11-01 at 18:01:20 | INFO | Requisição realizada com sucesso!
2023-11-01 at 18:01:20 | INFO | Verificando headers
2023-11-01 at 18:01:21 | INFO | Enviando requisição POST
2023-11-01 at 18:01:21 | INFO | Requisição realizada com sucesso!
2023-11-01 at 18:02:21 | INFO | Verificando headers
2023-11-01 at 18:02:27 | INFO | Enviando requisição POST
2023-11-01 at 18:02:27 | INFO | Requisição realizada com sucesso!
2023-11-01 at 18:02:27 | INFO | Verificando headers
2023-11-01 at 18:02:28 | INFO | Enviando requisição POST
2023-11-01 at 18:02:28 | INFO | Requisição realizada com sucesso!
2023-11-01 at 18:02:28 | INFO | Verificando headers
2023-11-01 at 18:02:30 | INFO | Enviando requisição POST
2023-11-01 at 18:02:30 | INFO | Requisição realizada com sucesso!
2023-11-01 at 18:02:30 | INFO | Verificando headers
2023-11-01 at 18:02:31 | INFO | Enviando requisição POST
2023-11-01 at 18:02:31 | INFO | Requisição realizada com sucesso!
2023-11-01 at 18:02:31 | INFO | Verificando headers
2023-11-01 at 18:02:32 | INFO | Enviando requisição POST
2023-11-01 at 18:02:32 | INFO | Requisição realizada com sucesso!
2023-11-01 at 18:02:32 | INFO | Verificando headers
2023-11-01 at 18:02:33 | INFO | Enviando requisição POST
2023-11-01 at 18:02:33 | INFO | Requisição realizada com sucesso!
2023-11-01 at 18:02:33 | INFO | Verificando headers
2023-11-01 at 18:02:36 | INFO | Enviando requisição POST
2023-11-01 at 18:02:36 | INFO | Requisição realizada com sucesso!
2023-11-01 at 18:02:36 | INFO | Verificando headers
2023-11-01 at 18:02:37 | INFO | Enviando requisição POST
2023-11-01 at 18:02:37 | INFO | Requisição realizada com sucesso!
2023-11-01 at 18:02:37 | INFO | Verificando headers
2023-11-01 at 18:02:38 | INFO | Enviando requisição POST
2023-11-01 at 18:02:38 | INFO | Requisição realizada com sucesso!
2023-11-01 at 18:02:38 | INFO | Verificando headers
2023-11-01 at 18:02:39 | INFO | Enviando requisição POST
2023-11-01 at 18:02:39 | INFO | Requisição realizada com sucesso!
2023-11-01 at 18:02:39 | INFO | Verificando headers
2023-11-01 at 18:02:40 | INFO | Enviando requisição POST
2023-11-01 at 18:02:40 | INFO | Requisição realizada com sucesso!
2023-11-01 at 18:02:40 | INFO | Verificando headers
2023-11-01 at 18:02:41 | INFO | Enviando requisição POST
2023-11-01 at 18:02:41 | INFO | Requisição realizada com sucesso!
2023-11-01 at 18:02:41 | INFO | Verificando headers
2023-11-01 at 18:02:43 | INFO | Enviando requisição POST
2023-11-01 at 18:02:43 | INFO | Requisição realizada com sucesso!
2023-11-01 at 18:02:43 | INFO | Verificando headers
2023-11-01 at 18:02:45 | INFO | Enviando requisição POST
2023-11-01 at 18:02:45 | INFO | Requisição realizada com sucesso!
2023-11-01 at 18:02:45 | INFO | Verificando headers
2023-11-01 at 18:02:46 | INFO | Enviando requisição POST
2023-11-01 at 18:02:46 | INFO | Requisição realizada com sucesso!
2023-11-01 at 18:02:46 | INFO | Verificando headers
2023-11-01 at 18:02:47 | INFO | Enviando requisição POST
2023-11-01 at 18:02:47 | INFO | Requisição realizada com sucesso!
2023-11-01 at 18:02:47 | INFO | Verificando headers
2023-11-01 at 18:02:48 | INFO | Enviando requisição POST
2023-11-01 at 18:02:48 | INFO | Requisição realizada com sucesso!
2023-11-01 at 18:02:48 | INFO | Verificando headers
2023-11-01 at 18:02:49 | INFO | Enviando requisição POST
2023-11-01 at 18:02:49 | INFO | Requisição realizada com sucesso!
2023-11-01 at 18:02:49 | INFO | Verificando headers
2023-11-01 at 18:02:50 | INFO | Enviando requisição POST
2023-11-01 at 18:02:50 | INFO | Requisição realizada com sucesso!
2023-11-01 at 18:02:50 | INFO | Verificando headers
2023-11-01 at 18:02:51 | INFO | Enviando requisição POST
2023-11-01 at 18:02:51 | INFO | Requisição realizada com sucesso!
2023-11-01 at 18:02:51 | INFO | Verificando headers
2023-11-01 at 18:02:52 | INFO | Enviando requisição POST
2023-11-01 at 18:02:52 | INFO | Requisição realizada com sucesso!
2023-11-01 at 18:02:52 | INFO | Verificando headers
2023-11-01 at 18:02:54 | INFO | Enviando requisição POST
2023-11-01 at 18:02:54 | INFO | Requisição realizada com sucesso!
2023-11-01 at 18:02:54 | INFO | Verificando headers
2023-11-01 at 18:02:55 | INFO | Enviando requisição POST
2023-11-01 at 18:02:55 | INFO | Requisição realizada com sucesso!
2023-11-01 at 18:02:55 | INFO | Verificando headers
2023-11-01 at 18:02:56 | INFO | Enviando requisição POST
2023-11-01 at 18:02:56 | INFO | Requisição realizada com sucesso!
2023-11-01 at 18:02:56 | INFO | Verificando headers
2023-11-01 at 18:02:57 | INFO | Enviando requisição POST
2023-11-01 at 18:02:57 | INFO | Requisição realizada com sucesso!
2023-11-01 at 18:02:57 | INFO | Verificando headers
2023-11-01 at 18:02:58 | INFO | Enviando requisição POST
2023-11-01 at 18:02:58 | INFO | Requisição realizada com sucesso!
2023-11-01 at 18:02:58 | INFO | Verificando headers
2023-11-01 at 18:02:59 | INFO | Enviando requisição POST
2023-11-01 at 18:02:59 | INFO | Requisição realizada com sucesso!
2023-11-01 at 18:02:59 | INFO | Verificando headers
2023-11-01 at 18:03:00 | INFO | Enviando requisição POST
2023-11-01 at 18:03:00 | INFO | Requisição realizada com sucesso!
2023-11-01 at 18:03:00 | INFO | Verificando headers
2023-11-01 at 18:03:01 | INFO | Enviando requisição POST
2023-11-01 at 18:03:01 | INFO | Requisição realizada com sucesso!
2023-11-01 at 18:03:01 | INFO | Verificando headers
2023-11-01 at 18:03:02 | INFO | Enviando requisição POST
2023-11-01 at 18:03:02 | INFO | Requisição realizada com sucesso!
2023-11-01 at 18:03:02 | INFO | Verificando headers
2023-11-01 at 18:03:03 | INFO | Enviando requisição POST
2023-11-01 at 18:03:03 | INFO | Requisição realizada com sucesso!
2023-11-01 at 18:03:03 | INFO | Verificando headers
2023-11-01 at 18:03:05 | INFO | Enviando requisição POST
2023-11-01 at 18:03:05 | INFO | Requisição realizada com sucesso!
2023-11-01 at 18:03:05 | INFO | Verificando headers
2023-11-01 at 18:03:06 | INFO | Enviando requisição POST
2023-11-01 at 18:03:06 | INFO | Requisição realizada com sucesso!
2023-11-01 at 18:03:06 | INFO | Verificando headers
2023-11-01 at 18:03:07 | INFO | Enviando requisição POST
2023-11-01 at 18:03:07 | INFO | Requisição realizada com sucesso!
2023-11-01 at 18:03:07 | INFO | Verificando headers
2023-11-01 at 18:03:09 | INFO | Enviando requisição POST
2023-11-01 at 18:03:09 | INFO | Requisição realizada com sucesso!
2023-11-01 at 18:03:09 | INFO | Verificando headers
2023-11-01 at 18:03:10 | INFO | Enviando requisição POST
2023-11-01 at 18:03:10 | INFO | Requisição realizada com sucesso!
2023-11-01 at 18:03:10 | INFO | Verificando headers
2023-11-01 at 18:03:17 | INFO | Enviando requisição POST
2023-11-01 at 18:03:17 | INFO | Requisição realizada com sucesso!
2023-11-01 at 18:03:17 | INFO | Verificando headers
2023-11-01 at 18:03:19 | INFO | Enviando requisição POST
2023-11-01 at 18:03:19 | INFO | Requisição realizada com sucesso!
2023-11-01 at 18:03:19 | INFO | Verificando headers
2023-11-01 at 18:03:20 | INFO | Enviando requisição POST
2023-11-01 at 18:03:20 | INFO | Requisição realizada com sucesso!
2023-11-01 at 18:03:20 | INFO | Verificando headers
2023-11-01 at 18:03:22 | INFO | Enviando requisição POST
2023-11-01 at 18:03:22 | INFO | Requisição realizada com sucesso!
2023-11-01 at 18:03:22 | INFO | Verificando headers
2023-11-01 at 18:03:23 | INFO | Enviando requisição POST
2023-11-01 at 18:03:23 | INFO | Requisição realizada com sucesso!
2023-11-01 at 18:03:23 | INFO | Verificando headers
2023-11-01 at 18:03:24 | INFO | Enviando requisição POST
2023-11-01 at 18:03:24 | INFO | Requisição realizada com sucesso!
2023-11-01 at 18:03:24 | INFO | Verificando headers
2023-11-01 at 18:03:26 | INFO | Enviando requisição POST
2023-11-01 at 18:03:26 | INFO | Requisição realizada com sucesso!
2023-11-01 at 18:03:26 | INFO | Verificando headers
2023-11-01 at 18:03:27 | INFO | Enviando requisição POST
2023-11-01 at 18:03:27 | INFO | Requisição realizada com sucesso!
2023-11-01 at 18:03:27 | INFO | Verificando headers
2023-11-01 at 18:03:28 | INFO | Enviando requisição POST
2023-11-01 at 18:03:28 | INFO | Requisição realizada com sucesso!
2023-11-01 at 18:03:28 | INFO | Verificando headers
2023-11-01 at 18:03:29 | INFO | Enviando requisição POST
2023-11-01 at 18:03:29 | INFO | Requisição realizada com sucesso!
2023-11-01 at 18:03:29 | INFO | Verificando headers
2023-11-01 at 18:03:30 | INFO | Enviando requisição POST
2023-11-01 at 18:03:30 | INFO | Requisição realizada com sucesso!
2023-11-01 at 18:03:30 | INFO | Verificando headers
2023-11-01 at 18:03:31 | INFO | Enviando requisição POST
2023-11-01 at 18:03:31 | INFO | Requisição realizada com sucesso!
2023-11-01 at 18:03:31 | INFO | Verificando headers
2023-11-01 at 18:03:32 | INFO | Enviando requisição POST
2023-11-01 at 18:03:32 | INFO | Requisição realizada com sucesso!
2023-11-01 at 18:03:32 | INFO | Verificando headers
2023-11-01 at 18:03:34 | INFO | Enviando requisição POST
2023-11-01 at 18:03:34 | INFO | Requisição realizada com sucesso!
2023-11-01 at 18:04:34 | INFO | Verificando headers
2023-11-01 at 18:04:36 | INFO | Enviando requisição POST
2023-11-01 at 18:04:36 | INFO | Requisição realizada com sucesso!
2023-11-01 at 18:04:36 | INFO | Verificando headers
2023-11-01 at 18:04:37 | INFO | Enviando requisição POST
2023-11-01 at 18:04:37 | INFO | Requisição realizada com sucesso!
2023-11-01 at 18:04:37 | INFO | Verificando headers
2023-11-01 at 18:04:38 | INFO | Enviando requisição POST
2023-11-01 at 18:04:38 | INFO | Requisição realizada com sucesso!
2023-11-01 at 18:04:38 | INFO | Verificando headers
2023-11-01 at 18:04:39 | INFO | Enviando requisição POST
2023-11-01 at 18:04:39 | INFO | Requisição realizada com sucesso!
2023-11-01 at 18:04:39 | INFO | Verificando headers
2023-11-01 at 18:04:40 | INFO | Enviando requisição POST
2023-11-01 at 18:04:40 | INFO | Requisição realizada com sucesso!
2023-11-01 at 18:04:40 | INFO | Verificando headers
2023-11-01 at 18:04:42 | INFO | Enviando requisição POST
2023-11-01 at 18:04:42 | INFO | Requisição realizada com sucesso!
2023-11-01 at 18:04:42 | INFO | Verificando headers
2023-11-01 at 18:04:43 | INFO | Enviando requisição POST
2023-11-01 at 18:04:43 | INFO | Requisição realizada com sucesso!
2023-11-01 at 18:04:43 | INFO | Verificando headers
2023-11-01 at 18:04:44 | INFO | Enviando requisição POST
2023-11-01 at 18:04:44 | INFO | Requisição realizada com sucesso!
2023-11-01 at 18:04:44 | INFO | Verificando headers
2023-11-01 at 18:04:45 | INFO | Enviando requisição POST
2023-11-01 at 18:04:45 | INFO | Requisição realizada com sucesso!
2023-11-01 at 18:04:45 | INFO | Verificando headers
2023-11-01 at 18:04:46 | INFO | Enviando requisição POST
2023-11-01 at 18:04:46 | INFO | Requisição realizada com sucesso!
2023-11-01 at 18:04:46 | INFO | Verificando headers
2023-11-01 at 18:04:47 | INFO | Enviando requisição POST
2023-11-01 at 18:04:47 | INFO | Requisição realizada com sucesso!
2023-11-01 at 18:04:47 | INFO | Verificando headers
2023-11-01 at 18:04:48 | INFO | Enviando requisição POST
2023-11-01 at 18:04:48 | INFO | Requisição realizada com sucesso!
2023-11-01 at 18:04:48 | INFO | Verificando headers
2023-11-01 at 18:04:49 | INFO | Enviando requisição POST
2023-11-01 at 18:04:49 | INFO | Requisição realizada com sucesso!
2023-11-01 at 18:04:49 | INFO | Verificando headers
2023-11-01 at 18:04:50 | INFO | Enviando requisição POST
2023-11-01 at 18:04:50 | INFO | Requisição realizada com sucesso!
2023-11-01 at 18:04:50 | INFO | Verificando headers
2023-11-01 at 18:04:52 | INFO | Enviando requisição POST
2023-11-01 at 18:04:52 | INFO | Requisição realizada com sucesso!
2023-11-01 at 18:04:52 | INFO | Verificando headers
2023-11-01 at 18:04:53 | INFO | Enviando requisição POST
2023-11-01 at 18:04:53 | INFO | Requisição realizada com sucesso!
2023-11-01 at 18:04:53 | INFO | Verificando headers
2023-11-01 at 18:04:54 | INFO | Enviando requisição POST
2023-11-01 at 18:04:54 | INFO | Requisição realizada com sucesso!
2023-11-01 at 18:04:54 | INFO | Verificando headers
2023-11-01 at 18:04:55 | INFO | Enviando requisição POST
2023-11-01 at 18:04:55 | INFO | Requisição realizada com sucesso!
2023-11-01 at 18:04:55 | INFO | Verificando headers
2023-11-01 at 18:04:56 | INFO | Enviando requisição POST
2023-11-01 at 18:04:56 | INFO | Requisição realizada com sucesso!
2023-11-01 at 18:04:56 | INFO | Verificando headers
2023-11-01 at 18:04:57 | INFO | Enviando requisição POST
2023-11-01 at 18:04:57 | INFO | Requisição realizada com sucesso!
2023-11-01 at 18:04:57 | INFO | Verificando headers
2023-11-01 at 18:04:59 | INFO | Enviando requisição POST
2023-11-01 at 18:04:59 | INFO | Requisição realizada com sucesso!
2023-11-01 at 18:04:59 | INFO | Verificando headers
2023-11-01 at 18:05:00 | INFO | Enviando requisição POST
2023-11-01 at 18:05:00 | INFO | Requisição realizada com sucesso!
2023-11-01 at 18:05:00 | INFO | Verificando headers
2023-11-01 at 18:05:01 | INFO | Enviando requisição POST
2023-11-01 at 18:05:01 | INFO | Requisição realizada com sucesso!
2023-11-01 at 18:05:01 | INFO | Verificando headers
2023-11-01 at 18:05:02 | INFO | Enviando requisição POST
2023-11-01 at 18:05:02 | INFO | Requisição realizada com sucesso!
2023-11-01 at 18:05:02 | INFO | Verificando headers
2023-11-01 at 18:05:04 | INFO | Enviando requisição POST
2023-11-01 at 18:05:04 | INFO | Requisição realizada com sucesso!
2023-11-01 at 18:05:04 | INFO | Verificando headers
2023-11-01 at 18:05:05 | INFO | Enviando requisição POST
2023-11-01 at 18:05:05 | INFO | Requisição realizada com sucesso!
2023-11-01 at 18:05:05 | INFO | Verificando headers
2023-11-01 at 18:05:06 | INFO | Enviando requisição POST
2023-11-01 at 18:05:06 | INFO | Requisição realizada com sucesso!
2023-11-01 at 18:05:06 | INFO | Verificando headers
2023-11-01 at 18:05:08 | INFO | Enviando requisição POST
2023-11-01 at 18:05:08 | INFO | Requisição realizada com sucesso!
2023-11-01 at 18:05:08 | INFO | Verificando headers
2023-11-01 at 18:05:09 | INFO | Enviando requisição POST
2023-11-01 at 18:05:09 | INFO | Requisição realizada com sucesso!
2023-11-01 at 18:05:09 | INFO | Verificando headers
2023-11-01 at 18:05:10 | INFO | Enviando requisição POST
2023-11-01 at 18:05:10 | INFO | Requisição realizada com sucesso!
2023-11-01 at 18:05:10 | INFO | Verificando headers
2023-11-01 at 18:05:12 | INFO | Enviando requisição POST
2023-11-01 at 18:05:12 | INFO | Requisição realizada com sucesso!
2023-11-01 at 18:05:12 | INFO | Verificando headers
2023-11-01 at 18:05:13 | INFO | Enviando requisição POST
2023-11-01 at 18:05:13 | INFO | Requisição realizada com sucesso!
2023-11-01 at 18:05:13 | INFO | Verificando headers
2023-11-01 at 18:05:15 | INFO | Enviando requisição POST
2023-11-01 at 18:05:15 | INFO | Requisição realizada com sucesso!
2023-11-01 at 18:05:15 | INFO | Verificando headers
2023-11-01 at 18:05:16 | INFO | Enviando requisição POST
2023-11-01 at 18:05:16 | INFO | Requisição realizada com sucesso!
2023-11-01 at 18:05:16 | INFO | Verificando headers
2023-11-01 at 18:05:18 | INFO | Enviando requisição POST
2023-11-01 at 18:05:18 | INFO | Requisição realizada com sucesso!
2023-11-01 at 18:05:18 | INFO | Verificando headers
2023-11-01 at 18:05:19 | INFO | Enviando requisição POST
2023-11-01 at 18:05:19 | INFO | Requisição realizada com sucesso!
2023-11-01 at 18:05:19 | INFO | Verificando headers
2023-11-01 at 18:05:20 | INFO | Enviando requisição POST
2023-11-01 at 18:05:20 | INFO | Requisição realizada com sucesso!
2023-11-01 at 18:05:20 | INFO | Verificando headers
2023-11-01 at 18:05:21 | INFO | Enviando requisição POST
2023-11-01 at 18:05:21 | INFO | Requisição realizada com sucesso!
2023-11-01 at 18:05:21 | INFO | Verificando headers
2023-11-01 at 18:05:23 | INFO | Enviando requisição POST
2023-11-01 at 18:05:23 | INFO | Requisição realizada com sucesso!
2023-11-01 at 18:05:23 | INFO | Verificando headers
2023-11-01 at 18:05:24 | INFO | Enviando requisição POST
2023-11-01 at 18:05:24 | INFO | Requisição realizada com sucesso!
2023-11-01 at 18:05:24 | INFO | Verificando headers
2023-11-01 at 18:05:25 | INFO | Enviando requisição POST
2023-11-01 at 18:05:25 | INFO | Requisição realizada com sucesso!
2023-11-01 at 18:05:25 | INFO | Verificando headers
2023-11-01 at 18:05:26 | INFO | Enviando requisição POST
2023-11-01 at 18:05:26 | INFO | Requisição realizada com sucesso!
2023-11-01 at 18:05:26 | INFO | Verificando headers
2023-11-01 at 18:05:27 | INFO | Enviando requisição POST
2023-11-01 at 18:05:27 | INFO | Requisição realizada com sucesso!
2023-11-01 at 18:05:27 | INFO | Verificando headers
2023-11-01 at 18:05:28 | INFO | Enviando requisição POST
2023-11-01 at 18:05:28 | INFO | Requisição realizada com sucesso!
2023-11-01 at 18:05:28 | INFO | Verificando headers
2023-11-01 at 18:05:30 | INFO | Enviando requisição POST
2023-11-01 at 18:05:30 | INFO | Requisição realizada com sucesso!
2023-11-01 at 18:05:30 | INFO | Verificando headers
2023-11-01 at 18:05:31 | INFO | Enviando requisição POST
2023-11-01 at 18:05:31 | INFO | Requisição realizada com sucesso!
2023-11-01 at 18:05:31 | INFO | Verificando headers
2023-11-01 at 18:05:32 | INFO | Enviando requisição POST
2023-11-01 at 18:05:32 | INFO | Requisição realizada com sucesso!
2023-11-01 at 18:05:32 | INFO | Verificando headers
2023-11-01 at 18:05:33 | INFO | Enviando requisição POST
2023-11-01 at 18:05:33 | INFO | Requisição realizada com sucesso!
2023-11-01 at 18:05:33 | INFO | Verificando headers
2023-11-01 at 18:05:35 | INFO | Enviando requisição POST
2023-11-01 at 18:05:35 | INFO | Requisição realizada com sucesso!
2023-11-01 at 18:05:35 | INFO | Verificando headers
2023-11-01 at 18:05:36 | INFO | Enviando requisição POST
2023-11-01 at 18:05:36 | INFO | Requisição realizada com sucesso!
2023-11-01 at 18:06:36 | INFO | Verificando headers
2023-11-01 at 18:06:37 | INFO | Enviando requisição POST
2023-11-01 at 18:06:37 | INFO | Requisição realizada com sucesso!
2023-11-01 at 18:06:37 | INFO | Verificando headers
2023-11-01 at 18:06:38 | INFO | Enviando requisição POST
2023-11-01 at 18:06:38 | INFO | Requisição realizada com sucesso!
2023-11-01 at 18:06:38 | INFO | Verificando headers
2023-11-01 at 18:06:39 | INFO | Enviando requisição POST
2023-11-01 at 18:06:39 | INFO | Requisição realizada com sucesso!
2023-11-01 at 18:06:39 | INFO | Verificando headers
2023-11-01 at 18:06:40 | INFO | Enviando requisição POST
2023-11-01 at 18:06:40 | INFO | Requisição realizada com sucesso!
2023-11-01 at 18:06:40 | INFO | Verificando headers
2023-11-01 at 18:06:41 | INFO | Enviando requisição POST
2023-11-01 at 18:06:41 | INFO | Requisição realizada com sucesso!
2023-11-01 at 18:06:41 | INFO | Verificando headers
2023-11-01 at 18:06:42 | INFO | Enviando requisição POST
2023-11-01 at 18:06:42 | INFO | Requisição realizada com sucesso!
2023-11-01 at 18:06:42 | INFO | Verificando headers
2023-11-01 at 18:06:44 | INFO | Enviando requisição POST
2023-11-01 at 18:06:44 | INFO | Requisição realizada com sucesso!
2023-11-01 at 18:06:44 | INFO | Verificando headers
2023-11-01 at 18:06:45 | INFO | Enviando requisição POST
2023-11-01 at 18:06:45 | INFO | Requisição realizada com sucesso!
2023-11-01 at 18:06:45 | INFO | Verificando headers
2023-11-01 at 18:06:46 | INFO | Enviando requisição POST
2023-11-01 at 18:06:46 | INFO | Requisição realizada com sucesso!
2023-11-01 at 18:06:46 | INFO | Verificando headers
2023-11-01 at 18:06:47 | INFO | Enviando requisição POST
2023-11-01 at 18:06:47 | INFO | Requisição realizada com sucesso!
2023-11-01 at 18:06:47 | INFO | Verificando headers
2023-11-01 at 18:06:48 | INFO | Enviando requisição POST
2023-11-01 at 18:06:48 | INFO | Requisição realizada com sucesso!
2023-11-01 at 18:06:48 | INFO | Verificando headers
2023-11-01 at 18:06:49 | INFO | Enviando requisição POST
2023-11-01 at 18:06:49 | INFO | Requisição realizada com sucesso!
2023-11-01 at 18:06:49 | INFO | Verificando headers
2023-11-01 at 18:06:50 | INFO | Enviando requisição POST
2023-11-01 at 18:06:50 | INFO | Requisição realizada com sucesso!
2023-11-01 at 18:06:50 | INFO | Verificando headers
2023-11-01 at 18:06:51 | INFO | Enviando requisição POST
2023-11-01 at 18:06:51 | INFO | Requisição realizada com sucesso!
2023-11-01 at 18:06:51 | INFO | Verificando headers
2023-11-01 at 18:06:52 | INFO | Enviando requisição POST
2023-11-01 at 18:06:52 | INFO | Requisição realizada com sucesso!
2023-11-01 at 18:06:52 | INFO | Verificando headers
2023-11-01 at 18:06:54 | INFO | Enviando requisição POST
2023-11-01 at 18:06:54 | INFO | Requisição realizada com sucesso!
2023-11-01 at 18:06:54 | INFO | Verificando headers
2023-11-01 at 18:06:55 | INFO | Enviando requisição POST
2023-11-01 at 18:06:55 | INFO | Requisição realizada com sucesso!
2023-11-01 at 18:06:55 | INFO | Verificando headers
2023-11-01 at 18:06:56 | INFO | Enviando requisição POST
2023-11-01 at 18:06:56 | INFO | Requisição realizada com sucesso!
2023-11-01 at 18:06:56 | INFO | Verificando headers
2023-11-01 at 18:06:58 | INFO | Enviando requisição POST
2023-11-01 at 18:06:58 | INFO | Requisição realizada com sucesso!
2023-11-01 at 18:06:58 | INFO | Verificando headers
2023-11-01 at 18:06:59 | INFO | Enviando requisição POST
2023-11-01 at 18:06:59 | INFO | Requisição realizada com sucesso!
2023-11-01 at 18:06:59 | INFO | Verificando headers
2023-11-01 at 18:07:00 | INFO | Enviando requisição POST
2023-11-01 at 18:07:00 | INFO | Requisição realizada com sucesso!
2023-11-01 at 18:07:00 | INFO | Verificando headers
2023-11-01 at 18:07:01 | INFO | Enviando requisição POST
2023-11-01 at 18:07:01 | INFO | Requisição realizada com sucesso!
2023-11-01 at 18:07:01 | INFO | Verificando headers
2023-11-01 at 18:07:02 | INFO | Enviando requisição POST
2023-11-01 at 18:07:02 | INFO | Requisição realizada com sucesso!
2023-11-01 at 18:07:02 | INFO | Verificando headers
2023-11-01 at 18:07:04 | INFO | Enviando requisição POST
2023-11-01 at 18:07:04 | INFO | Requisição realizada com sucesso!
2023-11-01 at 18:07:04 | INFO | Verificando headers
2023-11-01 at 18:07:06 | INFO | Enviando requisição POST
2023-11-01 at 18:07:06 | INFO | Requisição realizada com sucesso!
2023-11-01 at 18:07:06 | INFO | Verificando headers
2023-11-01 at 18:07:07 | INFO | Enviando requisição POST
2023-11-01 at 18:07:07 | INFO | Requisição realizada com sucesso!
2023-11-01 at 18:07:07 | INFO | Verificando headers
2023-11-01 at 18:07:08 | INFO | Enviando requisição POST
2023-11-01 at 18:07:08 | INFO | Requisição realizada com sucesso!
2023-11-01 at 18:07:08 | INFO | Verificando headers
2023-11-01 at 18:07:09 | INFO | Enviando requisição POST
2023-11-01 at 18:07:09 | INFO | Requisição realizada com sucesso!
2023-11-01 at 18:07:09 | INFO | Verificando headers
2023-11-01 at 18:07:10 | INFO | Enviando requisição POST
2023-11-01 at 18:07:10 | INFO | Requisição realizada com sucesso!
2023-11-01 at 18:07:10 | INFO | Verificando headers
2023-11-01 at 18:07:19 | INFO | Enviando requisição POST
2023-11-01 at 18:07:19 | INFO | Requisição realizada com sucesso!
2023-11-01 at 18:07:19 | INFO | Verificando headers
2023-11-01 at 18:07:20 | INFO | Enviando requisição POST
2023-11-01 at 18:07:20 | INFO | Requisição realizada com sucesso!
2023-11-01 at 18:07:20 | INFO | Verificando headers
2023-11-01 at 18:07:21 | INFO | Enviando requisição POST
2023-11-01 at 18:07:21 | INFO | Requisição realizada com sucesso!
2023-11-01 at 18:07:21 | INFO | Verificando headers
2023-11-01 at 18:07:22 | INFO | Enviando requisição POST
2023-11-01 at 18:07:22 | INFO | Requisição realizada com sucesso!
2023-11-01 at 18:07:22 | INFO | Verificando headers
2023-11-01 at 18:07:24 | INFO | Enviando requisição POST
2023-11-01 at 18:07:24 | INFO | Requisição realizada com sucesso!
2023-11-01 at 18:07:24 | INFO | Verificando headers
2023-11-01 at 18:07:25 | INFO | Enviando requisição POST
2023-11-01 at 18:07:25 | INFO | Requisição realizada com sucesso!
2023-11-01 at 18:07:25 | INFO | Verificando headers
2023-11-01 at 18:07:26 | INFO | Enviando requisição POST
2023-11-01 at 18:07:26 | INFO | Requisição realizada com sucesso!
2023-11-01 at 18:07:26 | INFO | Verificando headers
2023-11-01 at 18:07:27 | INFO | Enviando requisição POST
2023-11-01 at 18:07:27 | INFO | Requisição realizada com sucesso!
2023-11-01 at 18:07:27 | INFO | Verificando headers
2023-11-01 at 18:07:28 | INFO | Enviando requisição POST
2023-11-01 at 18:07:28 | INFO | Requisição realizada com sucesso!
2023-11-01 at 18:07:28 | INFO | Verificando headers
2023-11-01 at 18:07:29 | INFO | Enviando requisição POST
2023-11-01 at 18:07:29 | INFO | Requisição realizada com sucesso!
2023-11-01 at 18:07:29 | INFO | Verificando headers
2023-11-01 at 18:07:32 | INFO | Enviando requisição POST
2023-11-01 at 18:07:32 | INFO | Requisição realizada com sucesso!
2023-11-01 at 18:07:32 | INFO | Verificando headers
2023-11-01 at 18:07:33 | INFO | Enviando requisição POST
2023-11-01 at 18:07:33 | INFO | Requisição realizada com sucesso!
2023-11-01 at 18:07:33 | INFO | Verificando headers
2023-11-01 at 18:07:34 | INFO | Enviando requisição POST
2023-11-01 at 18:07:34 | INFO | Requisição realizada com sucesso!
2023-11-01 at 18:07:34 | INFO | Verificando headers
2023-11-01 at 18:07:35 | INFO | Enviando requisição POST
2023-11-01 at 18:07:35 | INFO | Requisição realizada com sucesso!
2023-11-01 at 18:07:35 | INFO | Verificando headers
2023-11-01 at 18:07:36 | INFO | Enviando requisição POST
2023-11-01 at 18:07:36 | INFO | Requisição realizada com sucesso!
2023-11-01 at 18:07:36 | INFO | Verificando headers
2023-11-01 at 18:07:37 | INFO | Enviando requisição POST
2023-11-01 at 18:07:37 | INFO | Requisição realizada com sucesso!
2023-11-01 at 18:07:37 | INFO | Verificando headers
2023-11-01 at 18:07:38 | INFO | Enviando requisição POST
2023-11-01 at 18:07:38 | INFO | Requisição realizada com sucesso!
2023-11-01 at 18:07:38 | INFO | Verificando headers
2023-11-01 at 18:07:39 | INFO | Enviando requisição POST
2023-11-01 at 18:07:39 | INFO | Requisição realizada com sucesso!
2023-11-01 at 18:07:39 | INFO | Verificando headers
2023-11-01 at 18:07:40 | INFO | Enviando requisição POST
2023-11-01 at 18:07:40 | INFO | Requisição realizada com sucesso!
2023-11-01 at 18:07:40 | INFO | Verificando headers
2023-11-01 at 18:07:41 | INFO | Enviando requisição POST
2023-11-01 at 18:07:41 | INFO | Requisição realizada com sucesso!
2023-11-01 at 18:07:41 | INFO | Verificando headers
2023-11-01 at 18:07:42 | INFO | Enviando requisição POST
2023-11-01 at 18:07:42 | INFO | Requisição realizada com sucesso!
2023-11-01 at 18:08:42 | INFO | Verificando headers
2023-11-01 at 18:08:44 | INFO | Enviando requisição POST
2023-11-01 at 18:08:44 | INFO | Requisição realizada com sucesso!
2023-11-01 at 18:08:44 | INFO | Verificando headers
2023-11-01 at 18:08:45 | INFO | Enviando requisição POST
2023-11-01 at 18:08:45 | INFO | Requisição realizada com sucesso!
2023-11-01 at 18:08:45 | INFO | Verificando headers
2023-11-01 at 18:08:46 | INFO | Enviando requisição POST
2023-11-01 at 18:08:46 | INFO | Requisição realizada com sucesso!
2023-11-01 at 18:08:46 | INFO | Verificando headers
2023-11-01 at 18:08:47 | INFO | Enviando requisição POST
2023-11-01 at 18:08:47 | INFO | Requisição realizada com sucesso!
2023-11-01 at 18:08:47 | INFO | Verificando headers
2023-11-01 at 18:08:48 | INFO | Enviando requisição POST
2023-11-01 at 18:08:48 | INFO | Requisição realizada com sucesso!
2023-11-01 at 18:08:48 | INFO | Verificando headers
2023-11-01 at 18:08:49 | INFO | Enviando requisição POST
2023-11-01 at 18:08:49 | INFO | Requisição realizada com sucesso!
2023-11-01 at 18:08:49 | INFO | Verificando headers
2023-11-01 at 18:08:50 | INFO | Enviando requisição POST
2023-11-01 at 18:08:50 | INFO | Requisição realizada com sucesso!
2023-11-01 at 18:08:50 | INFO | Verificando headers
2023-11-01 at 18:08:51 | INFO | Enviando requisição POST
2023-11-01 at 18:08:51 | INFO | Requisição realizada com sucesso!
2023-11-01 at 18:08:51 | INFO | Verificando headers
2023-11-01 at 18:08:52 | INFO | Enviando requisição POST
2023-11-01 at 18:08:52 | INFO | Requisição realizada com sucesso!
2023-11-01 at 18:08:52 | INFO | Verificando headers
2023-11-01 at 18:08:53 | INFO | Enviando requisição POST
2023-11-01 at 18:08:53 | INFO | Requisição realizada com sucesso!
2023-11-01 at 18:08:53 | INFO | Verificando headers
2023-11-01 at 18:08:54 | INFO | Enviando requisição POST
2023-11-01 at 18:08:54 | INFO | Requisição realizada com sucesso!
2023-11-01 at 18:08:54 | INFO | Verificando headers
2023-11-01 at 18:08:56 | INFO | Enviando requisição POST
2023-11-01 at 18:08:56 | INFO | Requisição realizada com sucesso!
2023-11-01 at 18:08:56 | INFO | Verificando headers
2023-11-01 at 18:08:57 | INFO | Enviando requisição POST
2023-11-01 at 18:08:57 | INFO | Requisição realizada com sucesso!
2023-11-01 at 18:08:57 | INFO | Verificando headers
2023-11-01 at 18:08:58 | INFO | Enviando requisição POST
2023-11-01 at 18:08:58 | INFO | Requisição realizada com sucesso!
2023-11-01 at 18:08:58 | INFO | Verificando headers
2023-11-01 at 18:08:59 | INFO | Enviando requisição POST
2023-11-01 at 18:08:59 | INFO | Requisição realizada com sucesso!
2023-11-01 at 18:08:59 | INFO | Verificando headers
2023-11-01 at 18:09:00 | INFO | Enviando requisição POST
2023-11-01 at 18:09:00 | INFO | Requisição realizada com sucesso!
2023-11-01 at 18:09:00 | INFO | Verificando headers
2023-11-01 at 18:09:01 | INFO | Enviando requisição POST
2023-11-01 at 18:09:01 | INFO | Requisição realizada com sucesso!
2023-11-01 at 18:09:01 | INFO | Verificando headers
2023-11-01 at 18:09:02 | INFO | Enviando requisição POST
2023-11-01 at 18:09:02 | INFO | Requisição realizada com sucesso!
2023-11-01 at 18:09:02 | INFO | Verificando headers
2023-11-01 at 18:09:03 | INFO | Enviando requisição POST
2023-11-01 at 18:09:03 | INFO | Requisição realizada com sucesso!
2023-11-01 at 18:09:03 | INFO | Verificando headers
2023-11-01 at 18:09:04 | INFO | Enviando requisição POST
2023-11-01 at 18:09:04 | INFO | Requisição realizada com sucesso!
2023-11-01 at 18:09:04 | INFO | Verificando headers
2023-11-01 at 18:09:06 | INFO | Enviando requisição POST
2023-11-01 at 18:09:06 | INFO | Requisição realizada com sucesso!
2023-11-01 at 18:09:06 | INFO | Verificando headers
2023-11-01 at 18:09:07 | INFO | Enviando requisição POST
2023-11-01 at 18:09:07 | INFO | Requisição realizada com sucesso!
2023-11-01 at 18:09:07 | INFO | Verificando headers
2023-11-01 at 18:09:08 | INFO | Enviando requisição POST
2023-11-01 at 18:09:08 | INFO | Requisição realizada com sucesso!
2023-11-01 at 18:09:08 | INFO | Verificando headers
2023-11-01 at 18:09:09 | INFO | Enviando requisição POST
2023-11-01 at 18:09:09 | INFO | Requisição realizada com sucesso!
2023-11-01 at 18:09:09 | INFO | Verificando headers
2023-11-01 at 18:09:11 | INFO | Enviando requisição POST
2023-11-01 at 18:09:11 | INFO | Requisição realizada com sucesso!
2023-11-01 at 18:09:11 | INFO | Verificando headers
2023-11-01 at 18:09:12 | INFO | Enviando requisição POST
2023-11-01 at 18:09:12 | INFO | Requisição realizada com sucesso!
2023-11-01 at 18:09:12 | INFO | Verificando headers
2023-11-01 at 18:09:13 | INFO | Enviando requisição POST
2023-11-01 at 18:09:13 | INFO | Requisição realizada com sucesso!
2023-11-01 at 18:09:13 | INFO | Verificando headers
2023-11-01 at 18:09:15 | INFO | Enviando requisição POST
2023-11-01 at 18:09:15 | INFO | Requisição realizada com sucesso!
2023-11-01 at 18:09:15 | INFO | Verificando headers
2023-11-01 at 18:09:16 | INFO | Enviando requisição POST
2023-11-01 at 18:09:16 | INFO | Requisição realizada com sucesso!
2023-11-01 at 18:09:16 | INFO | Verificando headers
2023-11-01 at 18:09:18 | INFO | Enviando requisição POST
2023-11-01 at 18:09:18 | INFO | Requisição realizada com sucesso!
2023-11-01 at 18:09:18 | INFO | Verificando headers
2023-11-01 at 18:09:19 | INFO | Enviando requisição POST
2023-11-01 at 18:09:19 | INFO | Requisição realizada com sucesso!
2023-11-01 at 18:09:19 | INFO | Verificando headers
2023-11-01 at 18:09:20 | INFO | Enviando requisição POST
2023-11-01 at 18:09:20 | INFO | Requisição realizada com sucesso!
2023-11-01 at 18:16:08 | INFO | Buscando IDs de Produtos na API Tiny
2023-11-01 at 18:16:08 | INFO | Criando DataFrame com IDs de produtos na tabela 'tiny_products'
2023-11-01 at 18:16:08 | INFO | Verificando headers
2023-11-01 at 18:16:09 | INFO | Enviando requisição POST
2023-11-01 at 18:16:09 | INFO | Requisição realizada com sucesso!
2023-11-01 at 18:16:09 | INFO | Verificando headers
2023-11-01 at 18:16:11 | INFO | Enviando requisição POST
2023-11-01 at 18:16:11 | INFO | Requisição realizada com sucesso!
2023-11-01 at 18:16:11 | INFO | Verificando headers
2023-11-01 at 18:16:12 | INFO | Enviando requisição POST
2023-11-01 at 18:16:12 | INFO | Requisição realizada com sucesso!
2023-11-01 at 18:16:12 | INFO | Verificando headers
2023-11-01 at 18:16:14 | INFO | Enviando requisição POST
2023-11-01 at 18:16:14 | INFO | Requisição realizada com sucesso!
2023-11-01 at 18:16:14 | INFO | Verificando headers
2023-11-01 at 18:16:15 | INFO | Enviando requisição POST
2023-11-01 at 18:16:15 | INFO | Requisição realizada com sucesso!
2023-11-01 at 18:16:15 | INFO | Verificando headers
2023-11-01 at 18:16:17 | INFO | Enviando requisição POST
2023-11-01 at 18:16:17 | INFO | Requisição realizada com sucesso!
2023-11-01 at 18:16:17 | INFO | Verificando headers
2023-11-01 at 18:16:18 | INFO | Enviando requisição POST
2023-11-01 at 18:16:18 | INFO | Requisição realizada com sucesso!
2023-11-01 at 18:16:18 | INFO | Verificando headers
2023-11-01 at 18:16:20 | INFO | Enviando requisição POST
2023-11-01 at 18:16:20 | INFO | Requisição realizada com sucesso!
2023-11-01 at 18:16:20 | INFO | Verificando headers
2023-11-01 at 18:16:21 | INFO | Enviando requisição POST
2023-11-01 at 18:16:21 | INFO | Requisição realizada com sucesso!
2023-11-01 at 18:16:21 | INFO | Verificando headers
2023-11-01 at 18:16:22 | INFO | Enviando requisição POST
2023-11-01 at 18:16:22 | INFO | Requisição realizada com sucesso!
2023-11-01 at 18:16:22 | INFO | Verificando headers
2023-11-01 at 18:16:23 | INFO | Enviando requisição POST
2023-11-01 at 18:16:23 | INFO | Requisição realizada com sucesso!
2023-11-01 at 18:16:23 | INFO | Verificando headers
2023-11-01 at 18:16:42 | INFO | Buscando IDs de Produtos na API Tiny
2023-11-01 at 18:16:42 | INFO | Criando DataFrame com IDs de produtos na tabela 'tiny_products'
2023-11-01 at 18:16:42 | INFO | Verificando headers
2023-11-01 at 18:16:44 | INFO | Enviando requisição POST
2023-11-01 at 18:16:44 | INFO | Requisição realizada com sucesso!
2023-11-01 at 18:18:55 | INFO | Buscando IDs de Produtos na API Tiny
2023-11-01 at 18:18:55 | INFO | Criando DataFrame com IDs de produtos na tabela 'tiny_products'
2023-11-01 at 18:18:55 | INFO | Verificando headers
2023-11-01 at 18:18:56 | INFO | Enviando requisição POST
2023-11-01 at 18:18:56 | INFO | Requisição realizada com sucesso!
2023-11-01 at 18:19:10 | INFO | Buscando IDs de Produtos na API Tiny
2023-11-01 at 18:19:10 | INFO | Criando DataFrame com IDs de produtos na tabela 'tiny_products'
2023-11-01 at 18:19:10 | INFO | Verificando headers
2023-11-01 at 18:19:13 | INFO | Enviando requisição POST
2023-11-01 at 18:19:13 | INFO | Requisição realizada com sucesso!
2023-11-01 at 18:19:13 | INFO | Processando ['{"retorno":{"status_processamento":"3","status":"OK","produto":{"id":"509517168","nome":"Cabo P10 X P10 Santo Angelo Ninja 10ft - 3.05m","codigo":"7899028808537","unidade":"Un","saldo":53,"saldoReservado":1,"depositos":[{"deposito":{"nome":"Cristiano","desconsiderar":"N","saldo":0,"empresa":"mcenter168"}},{"deposito":{"nome":"M A Bueno","desconsiderar":"N","saldo":0,"empresa":"mcenter168"}},{"deposito":{"nome":"M A Lang","desconsiderar":"N","saldo":0,"empresa":"mcenter168"}},{"deposito":{"nome":"Mundo das Teclas","desconsiderar":"N","saldo":-100,"empresa":"mcenter168"}},{"deposito":{"nome":"Musical Filial","desconsiderar":"N","saldo":98,"empresa":"mcenter168"}},{"deposito":{"nome":"Musical Matriz","desconsiderar":"N","saldo":55,"empresa":"mcenter168"}},{"deposito":{"nome":"Talyta","desconsiderar":"N","saldo":0,"empresa":"mcenter168"}}]}}}'].
2023-11-01 at 18:19:13 | INFO | Carregando lista Json
2023-11-01 at 18:19:13 | INFO | Extraindo dados dos produtos da lista Json
2023-11-01 at 18:19:13 | INFO | Extraindo dados de depósitos
2023-11-01 at 18:19:13 | INFO | Construindo DataFrame de Estoque
2023-11-01 at 18:19:13 | INFO | Dataframe construido!
2023-11-01 at 18:19:31 | INFO | Buscando IDs de Produtos na API Tiny
2023-11-01 at 18:19:31 | INFO | Criando DataFrame com IDs de produtos na tabela 'tiny_products'
2023-11-01 at 18:19:31 | INFO | Verificando headers
2023-11-01 at 18:19:33 | INFO | Enviando requisição POST
2023-11-01 at 18:19:33 | INFO | Requisição realizada com sucesso!
2023-11-01 at 18:19:33 | INFO | Processando ['{"retorno":{"status_processamento":"3","status":"OK","produto":{"id":"509517168","nome":"Cabo P10 X P10 Santo Angelo Ninja 10ft - 3.05m","codigo":"7899028808537","unidade":"Un","saldo":53,"saldoReservado":1,"depositos":[{"deposito":{"nome":"Cristiano","desconsiderar":"N","saldo":0,"empresa":"mcenter168"}},{"deposito":{"nome":"M A Bueno","desconsiderar":"N","saldo":0,"empresa":"mcenter168"}},{"deposito":{"nome":"M A Lang","desconsiderar":"N","saldo":0,"empresa":"mcenter168"}},{"deposito":{"nome":"Mundo das Teclas","desconsiderar":"N","saldo":-100,"empresa":"mcenter168"}},{"deposito":{"nome":"Musical Filial","desconsiderar":"N","saldo":98,"empresa":"mcenter168"}},{"deposito":{"nome":"Musical Matriz","desconsiderar":"N","saldo":55,"empresa":"mcenter168"}},{"deposito":{"nome":"Talyta","desconsiderar":"N","saldo":0,"empresa":"mcenter168"}}]}}}'].
2023-11-01 at 18:19:33 | INFO | Carregando lista Json
2023-11-01 at 18:19:33 | INFO | Extraindo dados dos produtos da lista Json
2023-11-01 at 18:19:33 | INFO | Extraindo dados de depósitos
2023-11-01 at 18:19:33 | INFO | Construindo DataFrame de Estoque
2023-11-01 at 18:19:33 | INFO | Dataframe construido!
2023-11-01 at 18:19:33 | INFO | Tempo Total do processo: 0.02436068852742513 minutos
2023-11-01 at 18:22:25 | INFO | Buscando IDs de Produtos na API Tiny
2023-11-01 at 18:22:25 | INFO | Criando DataFrame com IDs de produtos na tabela 'tiny_products'
2023-11-01 at 18:22:25 | INFO | Buscando dados de 509517168
2023-11-01 at 18:22:25 | INFO | Loop: 1
2023-11-01 at 18:22:25 | INFO | Verificando headers
2023-11-01 at 18:22:27 | INFO | Enviando requisição POST
2023-11-01 at 18:22:27 | INFO | Requisição realizada com sucesso!
2023-11-01 at 18:22:27 | INFO | Processando ['{"retorno":{"status_processamento":"3","status":"OK","produto":{"id":"509517168","nome":"Cabo P10 X P10 Santo Angelo Ninja 10ft - 3.05m","codigo":"7899028808537","unidade":"Un","saldo":53,"saldoReservado":1,"depositos":[{"deposito":{"nome":"Cristiano","desconsiderar":"N","saldo":0,"empresa":"mcenter168"}},{"deposito":{"nome":"M A Bueno","desconsiderar":"N","saldo":0,"empresa":"mcenter168"}},{"deposito":{"nome":"M A Lang","desconsiderar":"N","saldo":0,"empresa":"mcenter168"}},{"deposito":{"nome":"Mundo das Teclas","desconsiderar":"N","saldo":-100,"empresa":"mcenter168"}},{"deposito":{"nome":"Musical Filial","desconsiderar":"N","saldo":98,"empresa":"mcenter168"}},{"deposito":{"nome":"Musical Matriz","desconsiderar":"N","saldo":55,"empresa":"mcenter168"}},{"deposito":{"nome":"Talyta","desconsiderar":"N","saldo":0,"empresa":"mcenter168"}}]}}}'].
2023-11-01 at 18:22:27 | INFO | Carregando lista Json
2023-11-01 at 18:22:27 | INFO | Extraindo dados dos produtos da lista Json
2023-11-01 at 18:22:27 | INFO | Extraindo dados de depósitos
2023-11-01 at 18:22:27 | INFO | Construindo DataFrame de Estoque
2023-11-01 at 18:22:27 | INFO | Dataframe construido!
2023-11-01 at 18:22:27 | INFO | Tempo Total do processo: 0.022049911816914878 minutos
2023-11-01 at 18:22:43 | INFO | Buscando IDs de Produtos na API Tiny
2023-11-01 at 18:22:43 | INFO | Criando DataFrame com IDs de produtos na tabela 'tiny_products'
2023-11-01 at 18:22:43 | INFO | Buscando dados de 509517168
2023-11-01 at 18:22:43 | INFO | Loop: 1
2023-11-01 at 18:22:43 | INFO | Verificando headers
2023-11-01 at 18:22:44 | INFO | Enviando requisição POST
2023-11-01 at 18:22:44 | INFO | Requisição realizada com sucesso!
2023-11-01 at 18:22:44 | INFO | Processando ['{"retorno":{"status_processamento":"3","status":"OK","produto":{"id":"509517168","nome":"Cabo P10 X P10 Santo Angelo Ninja 10ft - 3.05m","codigo":"7899028808537","unidade":"Un","saldo":53,"saldoReservado":1,"depositos":[{"deposito":{"nome":"Cristiano","desconsiderar":"N","saldo":0,"empresa":"mcenter168"}},{"deposito":{"nome":"M A Bueno","desconsiderar":"N","saldo":0,"empresa":"mcenter168"}},{"deposito":{"nome":"M A Lang","desconsiderar":"N","saldo":0,"empresa":"mcenter168"}},{"deposito":{"nome":"Mundo das Teclas","desconsiderar":"N","saldo":-100,"empresa":"mcenter168"}},{"deposito":{"nome":"Musical Filial","desconsiderar":"N","saldo":98,"empresa":"mcenter168"}},{"deposito":{"nome":"Musical Matriz","desconsiderar":"N","saldo":55,"empresa":"mcenter168"}},{"deposito":{"nome":"Talyta","desconsiderar":"N","saldo":0,"empresa":"mcenter168"}}]}}}'].
2023-11-01 at 18:22:44 | INFO | Carregando lista Json
2023-11-01 at 18:22:44 | INFO | Extraindo dados dos produtos da lista Json
2023-11-01 at 18:22:44 | INFO | Extraindo dados de depósitos
2023-11-01 at 18:22:44 | INFO | Construindo DataFrame de Estoque
2023-11-01 at 18:22:44 | INFO | Dataframe construido!
2023-11-01 at 18:22:44 | INFO | Tempo Total do processo: 0.02008941173553467 minutos
2023-11-01 at 18:24:32 | INFO | Buscando IDs de Produtos na API Tiny
2023-11-01 at 18:24:32 | INFO | Criando DataFrame com IDs de produtos na tabela 'tiny_products'
2023-11-01 at 18:24:32 | INFO | Buscando dados de 509517168
2023-11-01 at 18:24:32 | INFO | Loop: 1
2023-11-01 at 18:24:32 | INFO | Verificando headers
2023-11-01 at 18:24:34 | INFO | Enviando requisição POST
2023-11-01 at 18:24:34 | INFO | Requisição realizada com sucesso!
2023-11-01 at 18:24:34 | INFO | Processando ['{"retorno":{"status_processamento":"3","status":"OK","produto":{"id":"509517168","nome":"Cabo P10 X P10 Santo Angelo Ninja 10ft - 3.05m","codigo":"7899028808537","unidade":"Un","saldo":53,"saldoReservado":1,"depositos":[{"deposito":{"nome":"Cristiano","desconsiderar":"N","saldo":0,"empresa":"mcenter168"}},{"deposito":{"nome":"M A Bueno","desconsiderar":"N","saldo":0,"empresa":"mcenter168"}},{"deposito":{"nome":"M A Lang","desconsiderar":"N","saldo":0,"empresa":"mcenter168"}},{"deposito":{"nome":"Mundo das Teclas","desconsiderar":"N","saldo":-100,"empresa":"mcenter168"}},{"deposito":{"nome":"Musical Filial","desconsiderar":"N","saldo":98,"empresa":"mcenter168"}},{"deposito":{"nome":"Musical Matriz","desconsiderar":"N","saldo":55,"empresa":"mcenter168"}},{"deposito":{"nome":"Talyta","desconsiderar":"N","saldo":0,"empresa":"mcenter168"}}]}}}'].
2023-11-01 at 18:24:34 | INFO | Carregando lista Json
2023-11-01 at 18:24:34 | INFO | Extraindo dados dos produtos da lista Json
2023-11-01 at 18:24:34 | INFO | Extraindo dados de depósitos
2023-11-01 at 18:24:34 | INFO | Construindo DataFrame de Estoque
2023-11-01 at 18:24:34 | INFO | Dataframe construido!
2023-11-01 at 18:24:34 | INFO | Tempo Total do processo: 0.020106836160024007 minutos
2023-11-01 at 18:26:13 | INFO | Buscando IDs de Produtos na API Tiny
2023-11-01 at 18:26:13 | INFO | Criando DataFrame com IDs de produtos na tabela 'tiny_products'
2023-11-01 at 18:26:13 | INFO | Verificando headers
2023-11-01 at 18:26:15 | INFO | Enviando requisição POST
2023-11-01 at 18:26:15 | INFO | Requisição realizada com sucesso!
2023-11-01 at 18:26:15 | INFO | Verificando headers
2023-11-01 at 18:26:16 | INFO | Enviando requisição POST
2023-11-01 at 18:26:16 | INFO | Requisição realizada com sucesso!
2023-11-01 at 18:26:16 | INFO | Verificando headers
2023-11-01 at 18:26:17 | INFO | Enviando requisição POST
2023-11-01 at 18:26:17 | INFO | Requisição realizada com sucesso!
2023-11-01 at 18:26:17 | INFO | Verificando headers
2023-11-01 at 18:26:18 | INFO | Enviando requisição POST
2023-11-01 at 18:26:18 | INFO | Requisição realizada com sucesso!
2023-11-01 at 18:26:18 | INFO | Verificando headers
2023-11-01 at 18:26:19 | INFO | Enviando requisição POST
2023-11-01 at 18:26:19 | INFO | Requisição realizada com sucesso!
2023-11-01 at 18:26:19 | INFO | Verificando headers
2023-11-01 at 18:26:21 | INFO | Enviando requisição POST
2023-11-01 at 18:26:21 | INFO | Requisição realizada com sucesso!
2023-11-01 at 18:26:21 | INFO | Verificando headers
2023-11-01 at 18:26:22 | INFO | Enviando requisição POST
2023-11-01 at 18:26:22 | INFO | Requisição realizada com sucesso!
2023-11-01 at 18:26:22 | INFO | Verificando headers
2023-11-01 at 18:26:23 | INFO | Enviando requisição POST
2023-11-01 at 18:26:23 | INFO | Requisição realizada com sucesso!
2023-11-01 at 18:26:23 | INFO | Verificando headers
2023-11-01 at 18:26:24 | INFO | Enviando requisição POST
2023-11-01 at 18:26:24 | INFO | Requisição realizada com sucesso!
2023-11-01 at 18:26:24 | INFO | Verificando headers
2023-11-01 at 18:26:25 | INFO | Enviando requisição POST
2023-11-01 at 18:26:25 | INFO | Requisição realizada com sucesso!
2023-11-01 at 18:26:25 | INFO | Verificando headers
2023-11-01 at 18:26:26 | INFO | Enviando requisição POST
2023-11-01 at 18:26:26 | INFO | Requisição realizada com sucesso!
2023-11-01 at 18:26:26 | INFO | Verificando headers
2023-11-01 at 18:26:27 | INFO | Enviando requisição POST
2023-11-01 at 18:26:27 | INFO | Requisição realizada com sucesso!
2023-11-01 at 18:26:27 | INFO | Verificando headers
2023-11-01 at 18:26:28 | INFO | Enviando requisição POST
2023-11-01 at 18:26:28 | INFO | Requisição realizada com sucesso!
2023-11-01 at 18:26:28 | INFO | Verificando headers
2023-11-01 at 18:26:30 | INFO | Enviando requisição POST
2023-11-01 at 18:26:30 | INFO | Requisição realizada com sucesso!
2023-11-01 at 18:26:30 | INFO | Verificando headers
2023-11-01 at 18:26:31 | INFO | Enviando requisição POST
2023-11-01 at 18:26:31 | INFO | Requisição realizada com sucesso!
2023-11-01 at 18:26:31 | INFO | Verificando headers
2023-11-01 at 18:26:32 | INFO | Enviando requisição POST
2023-11-01 at 18:26:32 | INFO | Requisição realizada com sucesso!
2023-11-01 at 18:26:32 | INFO | Verificando headers
